{"/Users/ethancornwill/Coder Academy/server/src/index.js": {"path":"/Users/ethancornwill/Coder Academy/server/src/index.js","statementMap":{"0":{"start":{"line":1,"column":0},"end":{"line":1,"column":27}},"1":{"start":{"line":2,"column":15},"end":{"line":2,"column":40}},"2":{"start":{"line":3,"column":16},"end":{"line":3,"column":38}},"3":{"start":{"line":4,"column":22},"end":{"line":4,"column":52}},"4":{"start":{"line":7,"column":13},"end":{"line":7,"column":37}},"5":{"start":{"line":10,"column":15},"end":{"line":26,"column":2}},"6":{"start":{"line":11,"column":2},"end":{"line":14,"column":5}},"7":{"start":{"line":16,"column":2},"end":{"line":25,"column":3}},"8":{"start":{"line":18,"column":4},"end":{"line":18,"column":22}},"9":{"start":{"line":19,"column":4},"end":{"line":19,"column":54}},"10":{"start":{"line":21,"column":4},"end":{"line":23,"column":7}},"11":{"start":{"line":24,"column":4},"end":{"line":24,"column":20}},"12":{"start":{"line":29,"column":0},"end":{"line":33,"column":3}},"13":{"start":{"line":30,"column":2},"end":{"line":30,"column":43}},"14":{"start":{"line":32,"column":2},"end":{"line":32,"column":38}},"15":{"start":{"line":32,"column":21},"end":{"line":32,"column":36}},"16":{"start":{"line":36,"column":0},"end":{"line":40,"column":3}},"17":{"start":{"line":37,"column":2},"end":{"line":37,"column":42}},"18":{"start":{"line":39,"column":2},"end":{"line":39,"column":38}},"19":{"start":{"line":39,"column":21},"end":{"line":39,"column":36}}},"fnMap":{"0":{"name":"(anonymous_0)","decl":{"start":{"line":10,"column":32},"end":{"line":10,"column":33}},"loc":{"start":{"line":10,"column":44},"end":{"line":26,"column":1}},"line":10},"1":{"name":"(anonymous_1)","decl":{"start":{"line":29,"column":33},"end":{"line":29,"column":34}},"loc":{"start":{"line":29,"column":42},"end":{"line":33,"column":1}},"line":29},"2":{"name":"(anonymous_2)","decl":{"start":{"line":32,"column":15},"end":{"line":32,"column":16}},"loc":{"start":{"line":32,"column":21},"end":{"line":32,"column":36}},"line":32},"3":{"name":"(anonymous_3)","decl":{"start":{"line":36,"column":32},"end":{"line":36,"column":33}},"loc":{"start":{"line":36,"column":41},"end":{"line":40,"column":1}},"line":36},"4":{"name":"(anonymous_4)","decl":{"start":{"line":39,"column":15},"end":{"line":39,"column":16}},"loc":{"start":{"line":39,"column":21},"end":{"line":39,"column":36}},"line":39}},"branchMap":{"0":{"loc":{"start":{"line":7,"column":13},"end":{"line":7,"column":37}},"type":"binary-expr","locations":[{"start":{"line":7,"column":13},"end":{"line":7,"column":29}},{"start":{"line":7,"column":33},"end":{"line":7,"column":37}}],"line":7},"1":{"loc":{"start":{"line":12,"column":9},"end":{"line":12,"column":46}},"type":"binary-expr","locations":[{"start":{"line":12,"column":9},"end":{"line":12,"column":29}},{"start":{"line":12,"column":33},"end":{"line":12,"column":46}}],"line":12}},"s":{"0":4,"1":4,"2":4,"3":4,"4":4,"5":4,"6":2,"7":2,"8":2,"9":2,"10":0,"11":0,"12":4,"13":0,"14":0,"15":0,"16":4,"17":0,"18":0,"19":0},"f":{"0":2,"1":0,"2":0,"3":0,"4":0},"b":{"0":[4,3],"1":[2,0]},"_coverageSchema":"1a1c01bbd47fc00a2c39e90264f33305004495a9","hash":"0bdef112d2468f37ff34fef34d5fde2b8fba968b"}
,"/Users/ethancornwill/Coder Academy/server/src/controllers/categoryController.js": {"path":"/Users/ethancornwill/Coder Academy/server/src/controllers/categoryController.js","statementMap":{"0":{"start":{"line":1,"column":21},"end":{"line":1,"column":55}},"1":{"start":{"line":4,"column":4},"end":{"line":23,"column":5}},"2":{"start":{"line":6,"column":8},"end":{"line":6,"column":34}},"3":{"start":{"line":9,"column":33},"end":{"line":9,"column":65}},"4":{"start":{"line":10,"column":8},"end":{"line":15,"column":9}},"5":{"start":{"line":11,"column":12},"end":{"line":14,"column":14}},"6":{"start":{"line":17,"column":28},"end":{"line":17,"column":50}},"7":{"start":{"line":18,"column":8},"end":{"line":18,"column":33}},"8":{"start":{"line":19,"column":8},"end":{"line":19,"column":27}},"9":{"start":{"line":21,"column":8},"end":{"line":21,"column":57}},"10":{"start":{"line":22,"column":8},"end":{"line":22,"column":53}},"11":{"start":{"line":27,"column":4},"end":{"line":32,"column":5}},"12":{"start":{"line":28,"column":8},"end":{"line":28,"column":37}},"13":{"start":{"line":30,"column":8},"end":{"line":30,"column":59}},"14":{"start":{"line":31,"column":8},"end":{"line":31,"column":54}},"15":{"start":{"line":36,"column":4},"end":{"line":43,"column":5}},"16":{"start":{"line":37,"column":25},"end":{"line":37,"column":60}},"17":{"start":{"line":38,"column":8},"end":{"line":38,"column":61}},"18":{"start":{"line":38,"column":23},"end":{"line":38,"column":61}},"19":{"start":{"line":39,"column":8},"end":{"line":39,"column":24}},"20":{"start":{"line":41,"column":8},"end":{"line":41,"column":57}},"21":{"start":{"line":42,"column":8},"end":{"line":42,"column":52}},"22":{"start":{"line":47,"column":4},"end":{"line":59,"column":5}},"23":{"start":{"line":48,"column":8},"end":{"line":48,"column":34}},"24":{"start":{"line":49,"column":32},"end":{"line":53,"column":9}},"25":{"start":{"line":54,"column":8},"end":{"line":54,"column":85}},"26":{"start":{"line":54,"column":30},"end":{"line":54,"column":85}},"27":{"start":{"line":55,"column":8},"end":{"line":55,"column":31}},"28":{"start":{"line":57,"column":8},"end":{"line":57,"column":57}},"29":{"start":{"line":58,"column":8},"end":{"line":58,"column":53}},"30":{"start":{"line":63,"column":4},"end":{"line":70,"column":5}},"31":{"start":{"line":64,"column":32},"end":{"line":64,"column":76}},"32":{"start":{"line":65,"column":8},"end":{"line":65,"column":87}},"33":{"start":{"line":65,"column":30},"end":{"line":65,"column":87}},"34":{"start":{"line":66,"column":8},"end":{"line":66,"column":31}},"35":{"start":{"line":68,"column":8},"end":{"line":68,"column":57}},"36":{"start":{"line":69,"column":8},"end":{"line":69,"column":53}},"37":{"start":{"line":73,"column":0},"end":{"line":79,"column":2}}},"fnMap":{"0":{"name":"createCategory","decl":{"start":{"line":3,"column":15},"end":{"line":3,"column":29}},"loc":{"start":{"line":3,"column":36},"end":{"line":24,"column":1}},"line":3},"1":{"name":"getAllCategories","decl":{"start":{"line":26,"column":15},"end":{"line":26,"column":31}},"loc":{"start":{"line":26,"column":34},"end":{"line":33,"column":1}},"line":26},"2":{"name":"getCategoryById","decl":{"start":{"line":35,"column":15},"end":{"line":35,"column":30}},"loc":{"start":{"line":35,"column":43},"end":{"line":44,"column":1}},"line":35},"3":{"name":"updateCategory","decl":{"start":{"line":46,"column":15},"end":{"line":46,"column":29}},"loc":{"start":{"line":46,"column":48},"end":{"line":60,"column":1}},"line":46},"4":{"name":"deleteCategory","decl":{"start":{"line":62,"column":15},"end":{"line":62,"column":29}},"loc":{"start":{"line":62,"column":42},"end":{"line":71,"column":1}},"line":62}},"branchMap":{"0":{"loc":{"start":{"line":10,"column":8},"end":{"line":15,"column":9}},"type":"if","locations":[{"start":{"line":10,"column":8},"end":{"line":15,"column":9}},{"start":{},"end":{}}],"line":10},"1":{"loc":{"start":{"line":38,"column":8},"end":{"line":38,"column":61}},"type":"if","locations":[{"start":{"line":38,"column":8},"end":{"line":38,"column":61}},{"start":{},"end":{}}],"line":38},"2":{"loc":{"start":{"line":54,"column":8},"end":{"line":54,"column":85}},"type":"if","locations":[{"start":{"line":54,"column":8},"end":{"line":54,"column":85}},{"start":{},"end":{}}],"line":54},"3":{"loc":{"start":{"line":65,"column":8},"end":{"line":65,"column":87}},"type":"if","locations":[{"start":{"line":65,"column":8},"end":{"line":65,"column":87}},{"start":{},"end":{}}],"line":65}},"s":{"0":1,"1":3,"2":3,"3":3,"4":3,"5":1,"6":2,"7":2,"8":1,"9":1,"10":1,"11":2,"12":2,"13":1,"14":1,"15":3,"16":3,"17":2,"18":1,"19":1,"20":2,"21":2,"22":3,"23":3,"24":3,"25":2,"26":1,"27":1,"28":2,"29":2,"30":3,"31":3,"32":2,"33":1,"34":1,"35":2,"36":2,"37":1},"f":{"0":3,"1":2,"2":3,"3":3,"4":3},"b":{"0":[1,2],"1":[1,1],"2":[1,1],"3":[1,1]},"_coverageSchema":"1a1c01bbd47fc00a2c39e90264f33305004495a9","hash":"7fb40bd84e16814eeacc4d4c66a5acd81fa7288b"}
,"/Users/ethancornwill/Coder Academy/server/src/controllers/menuItemController.js": {"path":"/Users/ethancornwill/Coder Academy/server/src/controllers/menuItemController.js","statementMap":{"0":{"start":{"line":1,"column":17},"end":{"line":1,"column":51}},"1":{"start":{"line":11,"column":2},"end":{"line":63,"column":3}},"2":{"start":{"line":13,"column":4},"end":{"line":19,"column":5}},"3":{"start":{"line":14,"column":20},"end":{"line":16,"column":7}},"4":{"start":{"line":17,"column":6},"end":{"line":17,"column":29}},"5":{"start":{"line":18,"column":6},"end":{"line":18,"column":18}},"6":{"start":{"line":21,"column":24},"end":{"line":28,"column":6}},"7":{"start":{"line":30,"column":4},"end":{"line":30,"column":29}},"8":{"start":{"line":31,"column":4},"end":{"line":31,"column":23}},"9":{"start":{"line":34,"column":4},"end":{"line":42,"column":5}},"10":{"start":{"line":35,"column":30},"end":{"line":39,"column":7}},"11":{"start":{"line":37,"column":24},"end":{"line":37,"column":35}},"12":{"start":{"line":40,"column":6},"end":{"line":40,"column":39}},"13":{"start":{"line":41,"column":6},"end":{"line":41,"column":28}},"14":{"start":{"line":45,"column":4},"end":{"line":51,"column":5}},"15":{"start":{"line":46,"column":29},"end":{"line":48,"column":7}},"16":{"start":{"line":49,"column":6},"end":{"line":49,"column":38}},"17":{"start":{"line":50,"column":6},"end":{"line":50,"column":27}},"18":{"start":{"line":53,"column":4},"end":{"line":53,"column":54}},"19":{"start":{"line":56,"column":4},"end":{"line":60,"column":5}},"20":{"start":{"line":57,"column":6},"end":{"line":57,"column":29}},"21":{"start":{"line":58,"column":6},"end":{"line":59,"column":74}},"22":{"start":{"line":62,"column":4},"end":{"line":62,"column":16}},"23":{"start":{"line":67,"column":2},"end":{"line":101,"column":3}},"24":{"start":{"line":68,"column":4},"end":{"line":72,"column":5}},"25":{"start":{"line":69,"column":20},"end":{"line":69,"column":57}},"26":{"start":{"line":70,"column":6},"end":{"line":70,"column":29}},"27":{"start":{"line":71,"column":6},"end":{"line":71,"column":18}},"28":{"start":{"line":74,"column":21},"end":{"line":74,"column":52}},"29":{"start":{"line":76,"column":4},"end":{"line":80,"column":5}},"30":{"start":{"line":77,"column":20},"end":{"line":77,"column":74}},"31":{"start":{"line":78,"column":6},"end":{"line":78,"column":29}},"32":{"start":{"line":79,"column":6},"end":{"line":79,"column":18}},"33":{"start":{"line":82,"column":4},"end":{"line":82,"column":20}},"34":{"start":{"line":84,"column":4},"end":{"line":84,"column":54}},"35":{"start":{"line":87,"column":4},"end":{"line":91,"column":5}},"36":{"start":{"line":88,"column":24},"end":{"line":88,"column":79}},"37":{"start":{"line":89,"column":6},"end":{"line":89,"column":33}},"38":{"start":{"line":90,"column":6},"end":{"line":90,"column":22}},"39":{"start":{"line":94,"column":4},"end":{"line":98,"column":5}},"40":{"start":{"line":95,"column":6},"end":{"line":95,"column":29}},"41":{"start":{"line":96,"column":6},"end":{"line":97,"column":74}},"42":{"start":{"line":100,"column":4},"end":{"line":100,"column":16}},"43":{"start":{"line":105,"column":2},"end":{"line":133,"column":3}},"44":{"start":{"line":106,"column":16},"end":{"line":106,"column":27}},"45":{"start":{"line":108,"column":4},"end":{"line":117,"column":5}},"46":{"start":{"line":110,"column":6},"end":{"line":114,"column":7}},"47":{"start":{"line":111,"column":22},"end":{"line":111,"column":66}},"48":{"start":{"line":112,"column":8},"end":{"line":112,"column":31}},"49":{"start":{"line":113,"column":8},"end":{"line":113,"column":20}},"50":{"start":{"line":116,"column":6},"end":{"line":116,"column":33}},"51":{"start":{"line":119,"column":18},"end":{"line":119,"column":29}},"52":{"start":{"line":121,"column":4},"end":{"line":121,"column":17}},"53":{"start":{"line":123,"column":4},"end":{"line":123,"column":55}},"54":{"start":{"line":126,"column":4},"end":{"line":130,"column":5}},"55":{"start":{"line":127,"column":6},"end":{"line":127,"column":29}},"56":{"start":{"line":128,"column":6},"end":{"line":129,"column":75}},"57":{"start":{"line":132,"column":4},"end":{"line":132,"column":16}},"58":{"start":{"line":137,"column":2},"end":{"line":204,"column":3}},"59":{"start":{"line":138,"column":4},"end":{"line":142,"column":5}},"60":{"start":{"line":139,"column":20},"end":{"line":139,"column":57}},"61":{"start":{"line":140,"column":6},"end":{"line":140,"column":29}},"62":{"start":{"line":141,"column":6},"end":{"line":141,"column":18}},"63":{"start":{"line":144,"column":4},"end":{"line":148,"column":5}},"64":{"start":{"line":145,"column":20},"end":{"line":145,"column":56}},"65":{"start":{"line":146,"column":6},"end":{"line":146,"column":29}},"66":{"start":{"line":147,"column":6},"end":{"line":147,"column":18}},"67":{"start":{"line":150,"column":28},"end":{"line":157,"column":5}},"68":{"start":{"line":159,"column":4},"end":{"line":163,"column":5}},"69":{"start":{"line":160,"column":20},"end":{"line":160,"column":74}},"70":{"start":{"line":161,"column":6},"end":{"line":161,"column":29}},"71":{"start":{"line":162,"column":6},"end":{"line":162,"column":18}},"72":{"start":{"line":165,"column":4},"end":{"line":165,"column":27}},"73":{"start":{"line":167,"column":4},"end":{"line":167,"column":54}},"74":{"start":{"line":170,"column":4},"end":{"line":178,"column":5}},"75":{"start":{"line":171,"column":30},"end":{"line":175,"column":7}},"76":{"start":{"line":173,"column":24},"end":{"line":173,"column":35}},"77":{"start":{"line":176,"column":6},"end":{"line":176,"column":39}},"78":{"start":{"line":177,"column":6},"end":{"line":177,"column":28}},"79":{"start":{"line":181,"column":4},"end":{"line":185,"column":5}},"80":{"start":{"line":182,"column":24},"end":{"line":182,"column":79}},"81":{"start":{"line":183,"column":6},"end":{"line":183,"column":33}},"82":{"start":{"line":184,"column":6},"end":{"line":184,"column":22}},"83":{"start":{"line":188,"column":4},"end":{"line":194,"column":5}},"84":{"start":{"line":189,"column":29},"end":{"line":191,"column":7}},"85":{"start":{"line":192,"column":6},"end":{"line":192,"column":38}},"86":{"start":{"line":193,"column":6},"end":{"line":193,"column":27}},"87":{"start":{"line":197,"column":4},"end":{"line":201,"column":5}},"88":{"start":{"line":198,"column":6},"end":{"line":198,"column":29}},"89":{"start":{"line":199,"column":6},"end":{"line":200,"column":74}},"90":{"start":{"line":203,"column":4},"end":{"line":203,"column":16}},"91":{"start":{"line":208,"column":2},"end":{"line":244,"column":3}},"92":{"start":{"line":209,"column":4},"end":{"line":213,"column":5}},"93":{"start":{"line":210,"column":20},"end":{"line":210,"column":57}},"94":{"start":{"line":211,"column":6},"end":{"line":211,"column":29}},"95":{"start":{"line":212,"column":6},"end":{"line":212,"column":18}},"96":{"start":{"line":215,"column":28},"end":{"line":215,"column":68}},"97":{"start":{"line":217,"column":4},"end":{"line":223,"column":5}},"98":{"start":{"line":218,"column":20},"end":{"line":220,"column":7}},"99":{"start":{"line":221,"column":6},"end":{"line":221,"column":29}},"100":{"start":{"line":222,"column":6},"end":{"line":222,"column":18}},"101":{"start":{"line":225,"column":4},"end":{"line":225,"column":27}},"102":{"start":{"line":227,"column":4},"end":{"line":227,"column":54}},"103":{"start":{"line":230,"column":4},"end":{"line":234,"column":5}},"104":{"start":{"line":231,"column":24},"end":{"line":231,"column":79}},"105":{"start":{"line":232,"column":6},"end":{"line":232,"column":33}},"106":{"start":{"line":233,"column":6},"end":{"line":233,"column":22}},"107":{"start":{"line":237,"column":4},"end":{"line":241,"column":5}},"108":{"start":{"line":238,"column":6},"end":{"line":238,"column":29}},"109":{"start":{"line":239,"column":6},"end":{"line":240,"column":74}},"110":{"start":{"line":243,"column":4},"end":{"line":243,"column":16}},"111":{"start":{"line":247,"column":0},"end":{"line":253,"column":2}}},"fnMap":{"0":{"name":"createMenuItem","decl":{"start":{"line":3,"column":15},"end":{"line":3,"column":29}},"loc":{"start":{"line":10,"column":2},"end":{"line":64,"column":1}},"line":10},"1":{"name":"(anonymous_1)","decl":{"start":{"line":37,"column":15},"end":{"line":37,"column":16}},"loc":{"start":{"line":37,"column":24},"end":{"line":37,"column":35}},"line":37},"2":{"name":"getMenuItemById","decl":{"start":{"line":66,"column":15},"end":{"line":66,"column":30}},"loc":{"start":{"line":66,"column":43},"end":{"line":102,"column":1}},"line":66},"3":{"name":"getAllMenuItems","decl":{"start":{"line":104,"column":15},"end":{"line":104,"column":30}},"loc":{"start":{"line":104,"column":45},"end":{"line":134,"column":1}},"line":104},"4":{"name":"updateMenuItem","decl":{"start":{"line":136,"column":15},"end":{"line":136,"column":29}},"loc":{"start":{"line":136,"column":54},"end":{"line":205,"column":1}},"line":136},"5":{"name":"(anonymous_5)","decl":{"start":{"line":173,"column":15},"end":{"line":173,"column":16}},"loc":{"start":{"line":173,"column":24},"end":{"line":173,"column":35}},"line":173},"6":{"name":"deleteMenuItem","decl":{"start":{"line":207,"column":15},"end":{"line":207,"column":29}},"loc":{"start":{"line":207,"column":42},"end":{"line":245,"column":1}},"line":207}},"branchMap":{"0":{"loc":{"start":{"line":8,"column":2},"end":{"line":8,"column":15}},"type":"default-arg","locations":[{"start":{"line":8,"column":13},"end":{"line":8,"column":15}}],"line":8},"1":{"loc":{"start":{"line":13,"column":4},"end":{"line":19,"column":5}},"type":"if","locations":[{"start":{"line":13,"column":4},"end":{"line":19,"column":5}},{"start":{},"end":{}}],"line":13},"2":{"loc":{"start":{"line":13,"column":8},"end":{"line":13,"column":40}},"type":"binary-expr","locations":[{"start":{"line":13,"column":8},"end":{"line":13,"column":13}},{"start":{"line":13,"column":17},"end":{"line":13,"column":27}},{"start":{"line":13,"column":31},"end":{"line":13,"column":40}}],"line":13},"3":{"loc":{"start":{"line":34,"column":4},"end":{"line":42,"column":5}},"type":"if","locations":[{"start":{"line":34,"column":4},"end":{"line":42,"column":5}},{"start":{},"end":{}}],"line":34},"4":{"loc":{"start":{"line":45,"column":4},"end":{"line":51,"column":5}},"type":"if","locations":[{"start":{"line":45,"column":4},"end":{"line":51,"column":5}},{"start":{},"end":{}}],"line":45},"5":{"loc":{"start":{"line":56,"column":4},"end":{"line":60,"column":5}},"type":"if","locations":[{"start":{"line":56,"column":4},"end":{"line":60,"column":5}},{"start":{},"end":{}}],"line":56},"6":{"loc":{"start":{"line":59,"column":8},"end":{"line":59,"column":73}},"type":"binary-expr","locations":[{"start":{"line":59,"column":8},"end":{"line":59,"column":21}},{"start":{"line":59,"column":25},"end":{"line":59,"column":73}}],"line":59},"7":{"loc":{"start":{"line":68,"column":4},"end":{"line":72,"column":5}},"type":"if","locations":[{"start":{"line":68,"column":4},"end":{"line":72,"column":5}},{"start":{},"end":{}}],"line":68},"8":{"loc":{"start":{"line":76,"column":4},"end":{"line":80,"column":5}},"type":"if","locations":[{"start":{"line":76,"column":4},"end":{"line":80,"column":5}},{"start":{},"end":{}}],"line":76},"9":{"loc":{"start":{"line":87,"column":4},"end":{"line":91,"column":5}},"type":"if","locations":[{"start":{"line":87,"column":4},"end":{"line":91,"column":5}},{"start":{},"end":{}}],"line":87},"10":{"loc":{"start":{"line":94,"column":4},"end":{"line":98,"column":5}},"type":"if","locations":[{"start":{"line":94,"column":4},"end":{"line":98,"column":5}},{"start":{},"end":{}}],"line":94},"11":{"loc":{"start":{"line":97,"column":8},"end":{"line":97,"column":73}},"type":"binary-expr","locations":[{"start":{"line":97,"column":8},"end":{"line":97,"column":21}},{"start":{"line":97,"column":25},"end":{"line":97,"column":73}}],"line":97},"12":{"loc":{"start":{"line":104,"column":31},"end":{"line":104,"column":43}},"type":"default-arg","locations":[{"start":{"line":104,"column":39},"end":{"line":104,"column":43}}],"line":104},"13":{"loc":{"start":{"line":108,"column":4},"end":{"line":117,"column":5}},"type":"if","locations":[{"start":{"line":108,"column":4},"end":{"line":117,"column":5}},{"start":{},"end":{}}],"line":108},"14":{"loc":{"start":{"line":110,"column":6},"end":{"line":114,"column":7}},"type":"if","locations":[{"start":{"line":110,"column":6},"end":{"line":114,"column":7}},{"start":{},"end":{}}],"line":110},"15":{"loc":{"start":{"line":110,"column":10},"end":{"line":110,"column":36}},"type":"binary-expr","locations":[{"start":{"line":110,"column":10},"end":{"line":110,"column":22}},{"start":{"line":110,"column":26},"end":{"line":110,"column":36}}],"line":110},"16":{"loc":{"start":{"line":126,"column":4},"end":{"line":130,"column":5}},"type":"if","locations":[{"start":{"line":126,"column":4},"end":{"line":130,"column":5}},{"start":{},"end":{}}],"line":126},"17":{"loc":{"start":{"line":129,"column":8},"end":{"line":129,"column":74}},"type":"binary-expr","locations":[{"start":{"line":129,"column":8},"end":{"line":129,"column":21}},{"start":{"line":129,"column":25},"end":{"line":129,"column":74}}],"line":129},"18":{"loc":{"start":{"line":138,"column":4},"end":{"line":142,"column":5}},"type":"if","locations":[{"start":{"line":138,"column":4},"end":{"line":142,"column":5}},{"start":{},"end":{}}],"line":138},"19":{"loc":{"start":{"line":144,"column":4},"end":{"line":148,"column":5}},"type":"if","locations":[{"start":{"line":144,"column":4},"end":{"line":148,"column":5}},{"start":{},"end":{}}],"line":144},"20":{"loc":{"start":{"line":144,"column":8},"end":{"line":144,"column":59}},"type":"binary-expr","locations":[{"start":{"line":144,"column":8},"end":{"line":144,"column":19}},{"start":{"line":144,"column":23},"end":{"line":144,"column":59}}],"line":144},"21":{"loc":{"start":{"line":159,"column":4},"end":{"line":163,"column":5}},"type":"if","locations":[{"start":{"line":159,"column":4},"end":{"line":163,"column":5}},{"start":{},"end":{}}],"line":159},"22":{"loc":{"start":{"line":170,"column":4},"end":{"line":178,"column":5}},"type":"if","locations":[{"start":{"line":170,"column":4},"end":{"line":178,"column":5}},{"start":{},"end":{}}],"line":170},"23":{"loc":{"start":{"line":181,"column":4},"end":{"line":185,"column":5}},"type":"if","locations":[{"start":{"line":181,"column":4},"end":{"line":185,"column":5}},{"start":{},"end":{}}],"line":181},"24":{"loc":{"start":{"line":188,"column":4},"end":{"line":194,"column":5}},"type":"if","locations":[{"start":{"line":188,"column":4},"end":{"line":194,"column":5}},{"start":{},"end":{}}],"line":188},"25":{"loc":{"start":{"line":197,"column":4},"end":{"line":201,"column":5}},"type":"if","locations":[{"start":{"line":197,"column":4},"end":{"line":201,"column":5}},{"start":{},"end":{}}],"line":197},"26":{"loc":{"start":{"line":200,"column":8},"end":{"line":200,"column":73}},"type":"binary-expr","locations":[{"start":{"line":200,"column":8},"end":{"line":200,"column":21}},{"start":{"line":200,"column":25},"end":{"line":200,"column":73}}],"line":200},"27":{"loc":{"start":{"line":209,"column":4},"end":{"line":213,"column":5}},"type":"if","locations":[{"start":{"line":209,"column":4},"end":{"line":213,"column":5}},{"start":{},"end":{}}],"line":209},"28":{"loc":{"start":{"line":217,"column":4},"end":{"line":223,"column":5}},"type":"if","locations":[{"start":{"line":217,"column":4},"end":{"line":223,"column":5}},{"start":{},"end":{}}],"line":217},"29":{"loc":{"start":{"line":230,"column":4},"end":{"line":234,"column":5}},"type":"if","locations":[{"start":{"line":230,"column":4},"end":{"line":234,"column":5}},{"start":{},"end":{}}],"line":230},"30":{"loc":{"start":{"line":237,"column":4},"end":{"line":241,"column":5}},"type":"if","locations":[{"start":{"line":237,"column":4},"end":{"line":241,"column":5}},{"start":{},"end":{}}],"line":237},"31":{"loc":{"start":{"line":240,"column":8},"end":{"line":240,"column":73}},"type":"binary-expr","locations":[{"start":{"line":240,"column":8},"end":{"line":240,"column":21}},{"start":{"line":240,"column":25},"end":{"line":240,"column":73}}],"line":240}},"s":{"0":1,"1":6,"2":6,"3":3,"4":3,"5":3,"6":3,"7":3,"8":1,"9":5,"10":1,"11":2,"12":1,"13":1,"14":4,"15":1,"16":1,"17":1,"18":3,"19":3,"20":0,"21":0,"22":3,"23":4,"24":4,"25":1,"26":1,"27":1,"28":3,"29":2,"30":1,"31":1,"32":1,"33":1,"34":3,"35":3,"36":1,"37":1,"38":1,"39":2,"40":0,"41":0,"42":2,"43":4,"44":4,"45":4,"46":3,"47":2,"48":2,"49":2,"50":1,"51":2,"52":2,"53":2,"54":2,"55":0,"56":0,"57":2,"58":8,"59":8,"60":1,"61":1,"62":1,"63":7,"64":2,"65":2,"66":2,"67":5,"68":2,"69":1,"70":1,"71":1,"72":1,"73":7,"74":7,"75":1,"76":2,"77":1,"78":1,"79":6,"80":1,"81":1,"82":1,"83":5,"84":1,"85":1,"86":1,"87":4,"88":0,"89":0,"90":4,"91":4,"92":4,"93":1,"94":1,"95":1,"96":3,"97":2,"98":1,"99":1,"100":1,"101":1,"102":3,"103":3,"104":1,"105":1,"106":1,"107":2,"108":0,"109":0,"110":2,"111":1},"f":{"0":6,"1":2,"2":4,"3":4,"4":8,"5":2,"6":4},"b":{"0":[5],"1":[3,3],"2":[6,5,4],"3":[1,4],"4":[1,3],"5":[0,3],"6":[0,0],"7":[1,3],"8":[1,1],"9":[1,2],"10":[0,2],"11":[0,0],"12":[1],"13":[3,1],"14":[2,1],"15":[3,2],"16":[0,2],"17":[0,0],"18":[1,7],"19":[2,5],"20":[7,6],"21":[1,1],"22":[1,6],"23":[1,5],"24":[1,4],"25":[0,4],"26":[0,0],"27":[1,3],"28":[1,1],"29":[1,2],"30":[0,2],"31":[0,0]},"_coverageSchema":"1a1c01bbd47fc00a2c39e90264f33305004495a9","hash":"10efb307e27f187a6eb1fa863678716e74b3aafb"}
,"/Users/ethancornwill/Coder Academy/server/src/controllers/orderController.js": {"path":"/Users/ethancornwill/Coder Academy/server/src/controllers/orderController.js","statementMap":{"0":{"start":{"line":1,"column":14},"end":{"line":1,"column":45}},"1":{"start":{"line":2,"column":17},"end":{"line":2,"column":47}},"2":{"start":{"line":14,"column":2},"end":{"line":112,"column":3}},"3":{"start":{"line":16,"column":4},"end":{"line":23,"column":5}},"4":{"start":{"line":17,"column":6},"end":{"line":22,"column":8}},"5":{"start":{"line":25,"column":4},"end":{"line":32,"column":5}},"6":{"start":{"line":26,"column":6},"end":{"line":31,"column":8}},"7":{"start":{"line":35,"column":4},"end":{"line":42,"column":5}},"8":{"start":{"line":36,"column":6},"end":{"line":41,"column":8}},"9":{"start":{"line":46,"column":6},"end":{"line":48,"column":20}},"10":{"start":{"line":51,"column":4},"end":{"line":58,"column":5}},"11":{"start":{"line":52,"column":6},"end":{"line":57,"column":8}},"12":{"start":{"line":61,"column":21},"end":{"line":66,"column":6}},"13":{"start":{"line":68,"column":4},"end":{"line":68,"column":26}},"14":{"start":{"line":71,"column":4},"end":{"line":77,"column":5}},"15":{"start":{"line":72,"column":6},"end":{"line":76,"column":8}},"16":{"start":{"line":79,"column":4},"end":{"line":83,"column":6}},"17":{"start":{"line":85,"column":4},"end":{"line":85,"column":50}},"18":{"start":{"line":88,"column":4},"end":{"line":103,"column":5}},"19":{"start":{"line":89,"column":31},"end":{"line":89,"column":33}},"20":{"start":{"line":92,"column":6},"end":{"line":94,"column":7}},"21":{"start":{"line":93,"column":8},"end":{"line":93,"column":62}},"22":{"start":{"line":96,"column":6},"end":{"line":102,"column":8}},"23":{"start":{"line":106,"column":4},"end":{"line":111,"column":6}},"24":{"start":{"line":119,"column":2},"end":{"line":130,"column":3}},"25":{"start":{"line":120,"column":18},"end":{"line":123,"column":33}},"26":{"start":{"line":125,"column":4},"end":{"line":125,"column":51}},"27":{"start":{"line":125,"column":16},"end":{"line":125,"column":51}},"28":{"start":{"line":126,"column":4},"end":{"line":126,"column":17}},"29":{"start":{"line":128,"column":4},"end":{"line":128,"column":50}},"30":{"start":{"line":129,"column":4},"end":{"line":129,"column":45}},"31":{"start":{"line":137,"column":2},"end":{"line":145,"column":3}},"32":{"start":{"line":138,"column":4},"end":{"line":141,"column":48}},"33":{"start":{"line":143,"column":4},"end":{"line":143,"column":51}},"34":{"start":{"line":144,"column":4},"end":{"line":144,"column":46}},"35":{"start":{"line":153,"column":2},"end":{"line":169,"column":3}},"36":{"start":{"line":154,"column":25},"end":{"line":158,"column":5}},"37":{"start":{"line":160,"column":4},"end":{"line":162,"column":5}},"38":{"start":{"line":161,"column":6},"end":{"line":161,"column":42}},"39":{"start":{"line":164,"column":4},"end":{"line":164,"column":68}},"40":{"start":{"line":165,"column":4},"end":{"line":165,"column":24}},"41":{"start":{"line":167,"column":4},"end":{"line":167,"column":57}},"42":{"start":{"line":168,"column":4},"end":{"line":168,"column":62}},"43":{"start":{"line":172,"column":0},"end":{"line":177,"column":2}}},"fnMap":{"0":{"name":"createOrder","decl":{"start":{"line":8,"column":15},"end":{"line":8,"column":26}},"loc":{"start":{"line":13,"column":2},"end":{"line":113,"column":1}},"line":13},"1":{"name":"getOrderById","decl":{"start":{"line":118,"column":15},"end":{"line":118,"column":27}},"loc":{"start":{"line":118,"column":37},"end":{"line":131,"column":1}},"line":118},"2":{"name":"getAllOrders","decl":{"start":{"line":136,"column":15},"end":{"line":136,"column":27}},"loc":{"start":{"line":136,"column":30},"end":{"line":146,"column":1}},"line":136},"3":{"name":"updateOrderStatus","decl":{"start":{"line":152,"column":15},"end":{"line":152,"column":32}},"loc":{"start":{"line":152,"column":53},"end":{"line":170,"column":1}},"line":152}},"branchMap":{"0":{"loc":{"start":{"line":12,"column":2},"end":{"line":12,"column":26}},"type":"default-arg","locations":[{"start":{"line":12,"column":24},"end":{"line":12,"column":26}}],"line":12},"1":{"loc":{"start":{"line":16,"column":4},"end":{"line":23,"column":5}},"type":"if","locations":[{"start":{"line":16,"column":4},"end":{"line":23,"column":5}},{"start":{},"end":{}}],"line":16},"2":{"loc":{"start":{"line":25,"column":4},"end":{"line":32,"column":5}},"type":"if","locations":[{"start":{"line":25,"column":4},"end":{"line":32,"column":5}},{"start":{},"end":{}}],"line":25},"3":{"loc":{"start":{"line":25,"column":8},"end":{"line":25,"column":61}},"type":"binary-expr","locations":[{"start":{"line":25,"column":8},"end":{"line":25,"column":14}},{"start":{"line":25,"column":18},"end":{"line":25,"column":39}},{"start":{"line":25,"column":43},"end":{"line":25,"column":61}}],"line":25},"4":{"loc":{"start":{"line":35,"column":4},"end":{"line":42,"column":5}},"type":"if","locations":[{"start":{"line":35,"column":4},"end":{"line":42,"column":5}},{"start":{},"end":{}}],"line":35},"5":{"loc":{"start":{"line":35,"column":8},"end":{"line":35,"column":55}},"type":"binary-expr","locations":[{"start":{"line":35,"column":8},"end":{"line":35,"column":32}},{"start":{"line":35,"column":36},"end":{"line":35,"column":55}}],"line":35},"6":{"loc":{"start":{"line":46,"column":6},"end":{"line":48,"column":20}},"type":"cond-expr","locations":[{"start":{"line":47,"column":10},"end":{"line":47,"column":31}},{"start":{"line":48,"column":10},"end":{"line":48,"column":20}}],"line":46},"7":{"loc":{"start":{"line":46,"column":6},"end":{"line":46,"column":75}},"type":"binary-expr","locations":[{"start":{"line":46,"column":6},"end":{"line":46,"column":36}},{"start":{"line":46,"column":40},"end":{"line":46,"column":75}}],"line":46},"8":{"loc":{"start":{"line":51,"column":4},"end":{"line":58,"column":5}},"type":"if","locations":[{"start":{"line":51,"column":4},"end":{"line":58,"column":5}},{"start":{},"end":{}}],"line":51},"9":{"loc":{"start":{"line":51,"column":8},"end":{"line":51,"column":44}},"type":"binary-expr","locations":[{"start":{"line":51,"column":8},"end":{"line":51,"column":25}},{"start":{"line":51,"column":29},"end":{"line":51,"column":44}}],"line":51},"10":{"loc":{"start":{"line":65,"column":27},"end":{"line":65,"column":52}},"type":"binary-expr","locations":[{"start":{"line":65,"column":27},"end":{"line":65,"column":46}},{"start":{"line":65,"column":50},"end":{"line":65,"column":52}}],"line":65},"11":{"loc":{"start":{"line":71,"column":4},"end":{"line":77,"column":5}},"type":"if","locations":[{"start":{"line":71,"column":4},"end":{"line":77,"column":5}},{"start":{},"end":{}}],"line":71},"12":{"loc":{"start":{"line":88,"column":4},"end":{"line":103,"column":5}},"type":"if","locations":[{"start":{"line":88,"column":4},"end":{"line":103,"column":5}},{"start":{},"end":{}}],"line":88},"13":{"loc":{"start":{"line":109,"column":45},"end":{"line":109,"column":77}},"type":"binary-expr","locations":[{"start":{"line":109,"column":45},"end":{"line":109,"column":58}},{"start":{"line":109,"column":62},"end":{"line":109,"column":77}}],"line":109},"14":{"loc":{"start":{"line":125,"column":4},"end":{"line":125,"column":51}},"type":"if","locations":[{"start":{"line":125,"column":4},"end":{"line":125,"column":51}},{"start":{},"end":{}}],"line":125},"15":{"loc":{"start":{"line":160,"column":4},"end":{"line":162,"column":5}},"type":"if","locations":[{"start":{"line":160,"column":4},"end":{"line":162,"column":5}},{"start":{},"end":{}}],"line":160},"16":{"loc":{"start":{"line":168,"column":20},"end":{"line":168,"column":60}},"type":"binary-expr","locations":[{"start":{"line":168,"column":20},"end":{"line":168,"column":33}},{"start":{"line":168,"column":37},"end":{"line":168,"column":60}}],"line":168}},"s":{"0":1,"1":1,"2":9,"3":9,"4":1,"5":8,"6":2,"7":6,"8":1,"9":5,"10":5,"11":1,"12":4,"13":4,"14":2,"15":2,"16":2,"17":2,"18":2,"19":1,"20":1,"21":2,"22":1,"23":1,"24":3,"25":3,"26":2,"27":1,"28":1,"29":2,"30":2,"31":2,"32":2,"33":1,"34":1,"35":3,"36":3,"37":2,"38":1,"39":1,"40":1,"41":2,"42":2,"43":1},"f":{"0":9,"1":3,"2":2,"3":3},"b":{"0":[8],"1":[1,8],"2":[2,6],"3":[8,7,7],"4":[1,5],"5":[6,6],"6":[1,4],"7":[5,1],"8":[1,4],"9":[5,5],"10":[4,3],"11":[2,0],"12":[1,1],"13":[1,0],"14":[1,1],"15":[1,1],"16":[2,0]},"_coverageSchema":"1a1c01bbd47fc00a2c39e90264f33305004495a9","hash":"7910d03020abc649e16c7315ad3696b4bce41ec5"}
,"/Users/ethancornwill/Coder Academy/server/src/controllers/paymentController.js": {"path":"/Users/ethancornwill/Coder Academy/server/src/controllers/paymentController.js","statementMap":{"0":{"start":{"line":1,"column":20},"end":{"line":1,"column":53}},"1":{"start":{"line":4,"column":4},"end":{"line":42,"column":5}},"2":{"start":{"line":5,"column":8},"end":{"line":8,"column":9}},"3":{"start":{"line":6,"column":12},"end":{"line":6,"column":78}},"4":{"start":{"line":7,"column":12},"end":{"line":7,"column":73}},"5":{"start":{"line":10,"column":8},"end":{"line":10,"column":62}},"6":{"start":{"line":15,"column":27},"end":{"line":26,"column":10}},"7":{"start":{"line":29,"column":8},"end":{"line":29,"column":32}},"8":{"start":{"line":31,"column":8},"end":{"line":33,"column":53}},"9":{"start":{"line":36,"column":8},"end":{"line":36,"column":62}},"10":{"start":{"line":37,"column":8},"end":{"line":41,"column":10}},"11":{"start":{"line":45,"column":0},"end":{"line":45,"column":44}}},"fnMap":{"0":{"name":"storeSuccessfulPayment","decl":{"start":{"line":3,"column":15},"end":{"line":3,"column":37}},"loc":{"start":{"line":3,"column":62},"end":{"line":43,"column":1}},"line":3}},"branchMap":{"0":{"loc":{"start":{"line":5,"column":8},"end":{"line":8,"column":9}},"type":"if","locations":[{"start":{"line":5,"column":8},"end":{"line":8,"column":9}},{"start":{},"end":{}}],"line":5},"1":{"loc":{"start":{"line":5,"column":12},"end":{"line":5,"column":47}},"type":"binary-expr","locations":[{"start":{"line":5,"column":12},"end":{"line":5,"column":26}},{"start":{"line":5,"column":30},"end":{"line":5,"column":47}}],"line":5},"2":{"loc":{"start":{"line":24,"column":26},"end":{"line":24,"column":61}},"type":"binary-expr","locations":[{"start":{"line":24,"column":26},"end":{"line":24,"column":53}},{"start":{"line":24,"column":57},"end":{"line":24,"column":61}}],"line":24}},"s":{"0":1,"1":5,"2":5,"3":2,"4":2,"5":3,"6":3,"7":3,"8":2,"9":1,"10":1,"11":1},"f":{"0":5},"b":{"0":[2,3],"1":[5,4],"2":[3,2]},"_coverageSchema":"1a1c01bbd47fc00a2c39e90264f33305004495a9","hash":"1acc7998b2b27daf1c8d4d800ba6d4b0f72a40b5"}
,"/Users/ethancornwill/Coder Academy/server/src/controllers/toppingController.js": {"path":"/Users/ethancornwill/Coder Academy/server/src/controllers/toppingController.js","statementMap":{"0":{"start":{"line":1,"column":20},"end":{"line":1,"column":53}},"1":{"start":{"line":4,"column":4},"end":{"line":16,"column":5}},"2":{"start":{"line":5,"column":27},"end":{"line":9,"column":10}},"3":{"start":{"line":11,"column":8},"end":{"line":11,"column":32}},"4":{"start":{"line":12,"column":8},"end":{"line":12,"column":26}},"5":{"start":{"line":14,"column":8},"end":{"line":14,"column":56}},"6":{"start":{"line":15,"column":8},"end":{"line":15,"column":52}},"7":{"start":{"line":20,"column":4},"end":{"line":27,"column":5}},"8":{"start":{"line":21,"column":24},"end":{"line":21,"column":57}},"9":{"start":{"line":22,"column":8},"end":{"line":22,"column":59}},"10":{"start":{"line":22,"column":22},"end":{"line":22,"column":59}},"11":{"start":{"line":23,"column":8},"end":{"line":23,"column":23}},"12":{"start":{"line":25,"column":8},"end":{"line":25,"column":56}},"13":{"start":{"line":26,"column":8},"end":{"line":26,"column":51}},"14":{"start":{"line":31,"column":4},"end":{"line":36,"column":5}},"15":{"start":{"line":32,"column":8},"end":{"line":32,"column":36}},"16":{"start":{"line":34,"column":8},"end":{"line":34,"column":57}},"17":{"start":{"line":35,"column":8},"end":{"line":35,"column":52}},"18":{"start":{"line":40,"column":4},"end":{"line":52,"column":5}},"19":{"start":{"line":41,"column":31},"end":{"line":45,"column":9}},"20":{"start":{"line":47,"column":8},"end":{"line":47,"column":83}},"21":{"start":{"line":47,"column":29},"end":{"line":47,"column":83}},"22":{"start":{"line":48,"column":8},"end":{"line":48,"column":30}},"23":{"start":{"line":50,"column":8},"end":{"line":50,"column":56}},"24":{"start":{"line":51,"column":8},"end":{"line":51,"column":52}},"25":{"start":{"line":56,"column":4},"end":{"line":63,"column":5}},"26":{"start":{"line":57,"column":31},"end":{"line":57,"column":73}},"27":{"start":{"line":58,"column":8},"end":{"line":58,"column":85}},"28":{"start":{"line":58,"column":29},"end":{"line":58,"column":85}},"29":{"start":{"line":59,"column":8},"end":{"line":59,"column":30}},"30":{"start":{"line":61,"column":8},"end":{"line":61,"column":56}},"31":{"start":{"line":62,"column":8},"end":{"line":62,"column":52}},"32":{"start":{"line":66,"column":0},"end":{"line":72,"column":2}}},"fnMap":{"0":{"name":"createTopping","decl":{"start":{"line":3,"column":15},"end":{"line":3,"column":28}},"loc":{"start":{"line":3,"column":67},"end":{"line":17,"column":1}},"line":3},"1":{"name":"getToppingById","decl":{"start":{"line":19,"column":15},"end":{"line":19,"column":29}},"loc":{"start":{"line":19,"column":41},"end":{"line":28,"column":1}},"line":19},"2":{"name":"getAllToppings","decl":{"start":{"line":30,"column":15},"end":{"line":30,"column":29}},"loc":{"start":{"line":30,"column":32},"end":{"line":37,"column":1}},"line":30},"3":{"name":"updateTopping","decl":{"start":{"line":39,"column":15},"end":{"line":39,"column":28}},"loc":{"start":{"line":39,"column":52},"end":{"line":53,"column":1}},"line":39},"4":{"name":"deleteTopping","decl":{"start":{"line":55,"column":15},"end":{"line":55,"column":28}},"loc":{"start":{"line":55,"column":40},"end":{"line":64,"column":1}},"line":55}},"branchMap":{"0":{"loc":{"start":{"line":3,"column":35},"end":{"line":3,"column":44}},"type":"default-arg","locations":[{"start":{"line":3,"column":43},"end":{"line":3,"column":44}}],"line":3},"1":{"loc":{"start":{"line":3,"column":46},"end":{"line":3,"column":65}},"type":"default-arg","locations":[{"start":{"line":3,"column":61},"end":{"line":3,"column":65}}],"line":3},"2":{"loc":{"start":{"line":22,"column":8},"end":{"line":22,"column":59}},"type":"if","locations":[{"start":{"line":22,"column":8},"end":{"line":22,"column":59}},{"start":{},"end":{}}],"line":22},"3":{"loc":{"start":{"line":47,"column":8},"end":{"line":47,"column":83}},"type":"if","locations":[{"start":{"line":47,"column":8},"end":{"line":47,"column":83}},{"start":{},"end":{}}],"line":47},"4":{"loc":{"start":{"line":58,"column":8},"end":{"line":58,"column":85}},"type":"if","locations":[{"start":{"line":58,"column":8},"end":{"line":58,"column":85}},{"start":{},"end":{}}],"line":58}},"s":{"0":1,"1":3,"2":3,"3":0,"4":0,"5":3,"6":3,"7":3,"8":3,"9":2,"10":1,"11":1,"12":2,"13":2,"14":2,"15":2,"16":1,"17":1,"18":3,"19":3,"20":2,"21":1,"22":1,"23":2,"24":2,"25":3,"26":3,"27":2,"28":1,"29":1,"30":2,"31":2,"32":1},"f":{"0":3,"1":3,"2":2,"3":3,"4":3},"b":{"0":[1],"1":[2],"2":[1,1],"3":[1,1],"4":[1,1]},"_coverageSchema":"1a1c01bbd47fc00a2c39e90264f33305004495a9","hash":"92d9051e968cc2ce41ca4d499808ea1474693acd"}
,"/Users/ethancornwill/Coder Academy/server/src/controllers/userController.js": {"path":"/Users/ethancornwill/Coder Academy/server/src/controllers/userController.js","statementMap":{"0":{"start":{"line":1,"column":17},"end":{"line":1,"column":47}},"1":{"start":{"line":2,"column":21},"end":{"line":2,"column":53}},"2":{"start":{"line":5,"column":2},"end":{"line":47,"column":3}},"3":{"start":{"line":13,"column":8},"end":{"line":13,"column":16}},"4":{"start":{"line":16,"column":4},"end":{"line":18,"column":5}},"5":{"start":{"line":17,"column":6},"end":{"line":17,"column":71}},"6":{"start":{"line":20,"column":20},"end":{"line":27,"column":6}},"7":{"start":{"line":29,"column":4},"end":{"line":29,"column":25}},"8":{"start":{"line":30,"column":4},"end":{"line":30,"column":19}},"9":{"start":{"line":33,"column":4},"end":{"line":33,"column":47}},"10":{"start":{"line":33,"column":35},"end":{"line":33,"column":47}},"11":{"start":{"line":36,"column":4},"end":{"line":43,"column":5}},"12":{"start":{"line":37,"column":6},"end":{"line":42,"column":8}},"13":{"start":{"line":45,"column":4},"end":{"line":45,"column":49}},"14":{"start":{"line":46,"column":4},"end":{"line":46,"column":53}},"15":{"start":{"line":53,"column":20},"end":{"line":80,"column":1}},"16":{"start":{"line":54,"column":2},"end":{"line":79,"column":3}},"17":{"start":{"line":56,"column":28},"end":{"line":56,"column":57}},"18":{"start":{"line":60,"column":4},"end":{"line":63,"column":5}},"19":{"start":{"line":62,"column":6},"end":{"line":62,"column":37}},"20":{"start":{"line":65,"column":4},"end":{"line":69,"column":5}},"21":{"start":{"line":68,"column":6},"end":{"line":68,"column":45}},"22":{"start":{"line":71,"column":4},"end":{"line":73,"column":5}},"23":{"start":{"line":72,"column":6},"end":{"line":72,"column":60}},"24":{"start":{"line":75,"column":4},"end":{"line":75,"column":16}},"25":{"start":{"line":77,"column":4},"end":{"line":77,"column":51}},"26":{"start":{"line":78,"column":4},"end":{"line":78,"column":16}},"27":{"start":{"line":83,"column":2},"end":{"line":88,"column":3}},"28":{"start":{"line":84,"column":4},"end":{"line":84,"column":54}},"29":{"start":{"line":86,"column":4},"end":{"line":86,"column":50}},"30":{"start":{"line":87,"column":4},"end":{"line":87,"column":53}},"31":{"start":{"line":92,"column":2},"end":{"line":104,"column":3}},"32":{"start":{"line":93,"column":24},"end":{"line":95,"column":31}},"33":{"start":{"line":97,"column":4},"end":{"line":98,"column":65}},"34":{"start":{"line":98,"column":6},"end":{"line":98,"column":65}},"35":{"start":{"line":99,"column":4},"end":{"line":99,"column":23}},"36":{"start":{"line":101,"column":4},"end":{"line":101,"column":47}},"37":{"start":{"line":101,"column":35},"end":{"line":101,"column":47}},"38":{"start":{"line":102,"column":4},"end":{"line":102,"column":49}},"39":{"start":{"line":103,"column":4},"end":{"line":103,"column":53}},"40":{"start":{"line":108,"column":2},"end":{"line":117,"column":3}},"41":{"start":{"line":109,"column":24},"end":{"line":109,"column":60}},"42":{"start":{"line":110,"column":4},"end":{"line":111,"column":67}},"43":{"start":{"line":111,"column":6},"end":{"line":111,"column":67}},"44":{"start":{"line":112,"column":4},"end":{"line":112,"column":23}},"45":{"start":{"line":114,"column":4},"end":{"line":114,"column":47}},"46":{"start":{"line":114,"column":35},"end":{"line":114,"column":47}},"47":{"start":{"line":115,"column":4},"end":{"line":115,"column":49}},"48":{"start":{"line":116,"column":4},"end":{"line":116,"column":53}},"49":{"start":{"line":122,"column":2},"end":{"line":147,"column":3}},"50":{"start":{"line":123,"column":17},"end":{"line":136,"column":6}},"51":{"start":{"line":138,"column":4},"end":{"line":140,"column":5}},"52":{"start":{"line":139,"column":6},"end":{"line":139,"column":64}},"53":{"start":{"line":142,"column":4},"end":{"line":142,"column":16}},"54":{"start":{"line":144,"column":4},"end":{"line":144,"column":47}},"55":{"start":{"line":144,"column":35},"end":{"line":144,"column":47}},"56":{"start":{"line":145,"column":4},"end":{"line":145,"column":56}},"57":{"start":{"line":146,"column":4},"end":{"line":146,"column":52}},"58":{"start":{"line":152,"column":2},"end":{"line":164,"column":3}},"59":{"start":{"line":153,"column":24},"end":{"line":155,"column":31}},"60":{"start":{"line":157,"column":4},"end":{"line":158,"column":65}},"61":{"start":{"line":158,"column":6},"end":{"line":158,"column":65}},"62":{"start":{"line":159,"column":4},"end":{"line":159,"column":23}},"63":{"start":{"line":161,"column":4},"end":{"line":161,"column":47}},"64":{"start":{"line":161,"column":35},"end":{"line":161,"column":47}},"65":{"start":{"line":162,"column":4},"end":{"line":162,"column":56}},"66":{"start":{"line":163,"column":4},"end":{"line":163,"column":53}},"67":{"start":{"line":169,"column":2},"end":{"line":178,"column":3}},"68":{"start":{"line":170,"column":24},"end":{"line":170,"column":60}},"69":{"start":{"line":171,"column":4},"end":{"line":172,"column":67}},"70":{"start":{"line":172,"column":6},"end":{"line":172,"column":67}},"71":{"start":{"line":173,"column":4},"end":{"line":173,"column":23}},"72":{"start":{"line":175,"column":4},"end":{"line":175,"column":47}},"73":{"start":{"line":175,"column":35},"end":{"line":175,"column":47}},"74":{"start":{"line":176,"column":4},"end":{"line":176,"column":56}},"75":{"start":{"line":177,"column":4},"end":{"line":177,"column":53}},"76":{"start":{"line":186,"column":2},"end":{"line":291,"column":3}},"77":{"start":{"line":188,"column":28},"end":{"line":188,"column":57}},"78":{"start":{"line":192,"column":4},"end":{"line":208,"column":5}},"79":{"start":{"line":194,"column":6},"end":{"line":207,"column":9}},"80":{"start":{"line":210,"column":4},"end":{"line":227,"column":5}},"81":{"start":{"line":213,"column":6},"end":{"line":226,"column":9}},"82":{"start":{"line":229,"column":4},"end":{"line":231,"column":5}},"83":{"start":{"line":230,"column":6},"end":{"line":230,"column":68}},"84":{"start":{"line":234,"column":4},"end":{"line":236,"column":5}},"85":{"start":{"line":235,"column":6},"end":{"line":235,"column":16}},"86":{"start":{"line":239,"column":30},"end":{"line":284,"column":6}},"87":{"start":{"line":240,"column":26},"end":{"line":240,"column":42}},"88":{"start":{"line":243,"column":6},"end":{"line":252,"column":8}},"89":{"start":{"line":255,"column":6},"end":{"line":281,"column":9}},"90":{"start":{"line":257,"column":8},"end":{"line":266,"column":9}},"91":{"start":{"line":258,"column":10},"end":{"line":263,"column":12}},"92":{"start":{"line":264,"column":10},"end":{"line":264,"column":29}},"93":{"start":{"line":265,"column":10},"end":{"line":265,"column":22}},"94":{"start":{"line":269,"column":30},"end":{"line":274,"column":13}},"95":{"start":{"line":271,"column":32},"end":{"line":271,"column":72}},"96":{"start":{"line":277,"column":26},"end":{"line":277,"column":53}},"97":{"start":{"line":278,"column":8},"end":{"line":278,"column":76}},"98":{"start":{"line":280,"column":8},"end":{"line":280,"column":20}},"99":{"start":{"line":283,"column":6},"end":{"line":283,"column":25}},"100":{"start":{"line":286,"column":4},"end":{"line":286,"column":29}},"101":{"start":{"line":288,"column":4},"end":{"line":288,"column":47}},"102":{"start":{"line":288,"column":35},"end":{"line":288,"column":47}},"103":{"start":{"line":289,"column":4},"end":{"line":289,"column":56}},"104":{"start":{"line":290,"column":4},"end":{"line":290,"column":59}},"105":{"start":{"line":294,"column":0},"end":{"line":304,"column":2}}},"fnMap":{"0":{"name":"createUser","decl":{"start":{"line":4,"column":15},"end":{"line":4,"column":25}},"loc":{"start":{"line":4,"column":36},"end":{"line":48,"column":1}},"line":4},"1":{"name":"(anonymous_1)","decl":{"start":{"line":53,"column":20},"end":{"line":53,"column":21}},"loc":{"start":{"line":53,"column":34},"end":{"line":80,"column":1}},"line":53},"2":{"name":"getAllUsers","decl":{"start":{"line":82,"column":15},"end":{"line":82,"column":26}},"loc":{"start":{"line":82,"column":29},"end":{"line":89,"column":1}},"line":82},"3":{"name":"updateUser","decl":{"start":{"line":91,"column":15},"end":{"line":91,"column":25}},"loc":{"start":{"line":91,"column":46},"end":{"line":105,"column":1}},"line":91},"4":{"name":"deleteUser","decl":{"start":{"line":107,"column":15},"end":{"line":107,"column":25}},"loc":{"start":{"line":107,"column":34},"end":{"line":118,"column":1}},"line":107},"5":{"name":"getUserByUid","decl":{"start":{"line":121,"column":15},"end":{"line":121,"column":27}},"loc":{"start":{"line":121,"column":33},"end":{"line":148,"column":1}},"line":121},"6":{"name":"updateUserByUid","decl":{"start":{"line":151,"column":15},"end":{"line":151,"column":30}},"loc":{"start":{"line":151,"column":48},"end":{"line":165,"column":1}},"line":151},"7":{"name":"deleteUserByUid","decl":{"start":{"line":168,"column":15},"end":{"line":168,"column":30}},"loc":{"start":{"line":168,"column":36},"end":{"line":179,"column":1}},"line":168},"8":{"name":"getUserOrders","decl":{"start":{"line":185,"column":15},"end":{"line":185,"column":28}},"loc":{"start":{"line":185,"column":33},"end":{"line":292,"column":1}},"line":185},"9":{"name":"(anonymous_9)","decl":{"start":{"line":239,"column":52},"end":{"line":239,"column":53}},"loc":{"start":{"line":239,"column":63},"end":{"line":284,"column":5}},"line":239},"10":{"name":"(anonymous_10)","decl":{"start":{"line":255,"column":48},"end":{"line":255,"column":49}},"loc":{"start":{"line":255,"column":58},"end":{"line":281,"column":7}},"line":255},"11":{"name":"(anonymous_11)","decl":{"start":{"line":271,"column":14},"end":{"line":271,"column":15}},"loc":{"start":{"line":271,"column":32},"end":{"line":271,"column":72}},"line":271}},"branchMap":{"0":{"loc":{"start":{"line":10,"column":6},"end":{"line":10,"column":19}},"type":"default-arg","locations":[{"start":{"line":10,"column":17},"end":{"line":10,"column":19}}],"line":10},"1":{"loc":{"start":{"line":11,"column":6},"end":{"line":11,"column":20}},"type":"default-arg","locations":[{"start":{"line":11,"column":18},"end":{"line":11,"column":20}}],"line":11},"2":{"loc":{"start":{"line":12,"column":6},"end":{"line":12,"column":19}},"type":"default-arg","locations":[{"start":{"line":12,"column":13},"end":{"line":12,"column":19}}],"line":12},"3":{"loc":{"start":{"line":16,"column":4},"end":{"line":18,"column":5}},"type":"if","locations":[{"start":{"line":16,"column":4},"end":{"line":18,"column":5}},{"start":{},"end":{}}],"line":16},"4":{"loc":{"start":{"line":16,"column":8},"end":{"line":16,"column":49}},"type":"binary-expr","locations":[{"start":{"line":16,"column":8},"end":{"line":16,"column":12}},{"start":{"line":16,"column":16},"end":{"line":16,"column":49}}],"line":16},"5":{"loc":{"start":{"line":33,"column":4},"end":{"line":33,"column":47}},"type":"if","locations":[{"start":{"line":33,"column":4},"end":{"line":33,"column":47}},{"start":{},"end":{}}],"line":33},"6":{"loc":{"start":{"line":36,"column":4},"end":{"line":43,"column":5}},"type":"if","locations":[{"start":{"line":36,"column":4},"end":{"line":43,"column":5}},{"start":{},"end":{}}],"line":36},"7":{"loc":{"start":{"line":60,"column":4},"end":{"line":63,"column":5}},"type":"if","locations":[{"start":{"line":60,"column":4},"end":{"line":63,"column":5}},{"start":{},"end":{}}],"line":60},"8":{"loc":{"start":{"line":65,"column":4},"end":{"line":69,"column":5}},"type":"if","locations":[{"start":{"line":65,"column":4},"end":{"line":69,"column":5}},{"start":{},"end":{}}],"line":65},"9":{"loc":{"start":{"line":71,"column":4},"end":{"line":73,"column":5}},"type":"if","locations":[{"start":{"line":71,"column":4},"end":{"line":73,"column":5}},{"start":{},"end":{}}],"line":71},"10":{"loc":{"start":{"line":97,"column":4},"end":{"line":98,"column":65}},"type":"if","locations":[{"start":{"line":97,"column":4},"end":{"line":98,"column":65}},{"start":{},"end":{}}],"line":97},"11":{"loc":{"start":{"line":101,"column":4},"end":{"line":101,"column":47}},"type":"if","locations":[{"start":{"line":101,"column":4},"end":{"line":101,"column":47}},{"start":{},"end":{}}],"line":101},"12":{"loc":{"start":{"line":110,"column":4},"end":{"line":111,"column":67}},"type":"if","locations":[{"start":{"line":110,"column":4},"end":{"line":111,"column":67}},{"start":{},"end":{}}],"line":110},"13":{"loc":{"start":{"line":114,"column":4},"end":{"line":114,"column":47}},"type":"if","locations":[{"start":{"line":114,"column":4},"end":{"line":114,"column":47}},{"start":{},"end":{}}],"line":114},"14":{"loc":{"start":{"line":138,"column":4},"end":{"line":140,"column":5}},"type":"if","locations":[{"start":{"line":138,"column":4},"end":{"line":140,"column":5}},{"start":{},"end":{}}],"line":138},"15":{"loc":{"start":{"line":144,"column":4},"end":{"line":144,"column":47}},"type":"if","locations":[{"start":{"line":144,"column":4},"end":{"line":144,"column":47}},{"start":{},"end":{}}],"line":144},"16":{"loc":{"start":{"line":157,"column":4},"end":{"line":158,"column":65}},"type":"if","locations":[{"start":{"line":157,"column":4},"end":{"line":158,"column":65}},{"start":{},"end":{}}],"line":157},"17":{"loc":{"start":{"line":161,"column":4},"end":{"line":161,"column":47}},"type":"if","locations":[{"start":{"line":161,"column":4},"end":{"line":161,"column":47}},{"start":{},"end":{}}],"line":161},"18":{"loc":{"start":{"line":171,"column":4},"end":{"line":172,"column":67}},"type":"if","locations":[{"start":{"line":171,"column":4},"end":{"line":172,"column":67}},{"start":{},"end":{}}],"line":171},"19":{"loc":{"start":{"line":175,"column":4},"end":{"line":175,"column":47}},"type":"if","locations":[{"start":{"line":175,"column":4},"end":{"line":175,"column":47}},{"start":{},"end":{}}],"line":175},"20":{"loc":{"start":{"line":192,"column":4},"end":{"line":208,"column":5}},"type":"if","locations":[{"start":{"line":192,"column":4},"end":{"line":208,"column":5}},{"start":{},"end":{}}],"line":192},"21":{"loc":{"start":{"line":210,"column":4},"end":{"line":227,"column":5}},"type":"if","locations":[{"start":{"line":210,"column":4},"end":{"line":227,"column":5}},{"start":{},"end":{}}],"line":210},"22":{"loc":{"start":{"line":229,"column":4},"end":{"line":231,"column":5}},"type":"if","locations":[{"start":{"line":229,"column":4},"end":{"line":231,"column":5}},{"start":{},"end":{}}],"line":229},"23":{"loc":{"start":{"line":234,"column":4},"end":{"line":236,"column":5}},"type":"if","locations":[{"start":{"line":234,"column":4},"end":{"line":236,"column":5}},{"start":{},"end":{}}],"line":234},"24":{"loc":{"start":{"line":234,"column":8},"end":{"line":234,"column":60}},"type":"binary-expr","locations":[{"start":{"line":234,"column":8},"end":{"line":234,"column":26}},{"start":{"line":234,"column":30},"end":{"line":234,"column":60}}],"line":234},"25":{"loc":{"start":{"line":257,"column":8},"end":{"line":266,"column":9}},"type":"if","locations":[{"start":{"line":257,"column":8},"end":{"line":266,"column":9}},{"start":{},"end":{}}],"line":257},"26":{"loc":{"start":{"line":269,"column":30},"end":{"line":274,"column":13}},"type":"cond-expr","locations":[{"start":{"line":270,"column":12},"end":{"line":273,"column":13}},{"start":{"line":274,"column":12},"end":{"line":274,"column":13}}],"line":269},"27":{"loc":{"start":{"line":271,"column":39},"end":{"line":271,"column":71}},"type":"cond-expr","locations":[{"start":{"line":271,"column":49},"end":{"line":271,"column":67}},{"start":{"line":271,"column":70},"end":{"line":271,"column":71}}],"line":271},"28":{"loc":{"start":{"line":271,"column":49},"end":{"line":271,"column":67}},"type":"binary-expr","locations":[{"start":{"line":271,"column":49},"end":{"line":271,"column":62}},{"start":{"line":271,"column":66},"end":{"line":271,"column":67}}],"line":271},"29":{"loc":{"start":{"line":277,"column":26},"end":{"line":277,"column":53}},"type":"binary-expr","locations":[{"start":{"line":277,"column":26},"end":{"line":277,"column":48}},{"start":{"line":277,"column":52},"end":{"line":277,"column":53}}],"line":277},"30":{"loc":{"start":{"line":278,"column":56},"end":{"line":278,"column":74}},"type":"binary-expr","locations":[{"start":{"line":278,"column":56},"end":{"line":278,"column":69}},{"start":{"line":278,"column":73},"end":{"line":278,"column":74}}],"line":278},"31":{"loc":{"start":{"line":288,"column":4},"end":{"line":288,"column":47}},"type":"if","locations":[{"start":{"line":288,"column":4},"end":{"line":288,"column":47}},{"start":{},"end":{}}],"line":288}},"s":{"0":1,"1":1,"2":5,"3":5,"4":5,"5":1,"6":4,"7":0,"8":0,"9":5,"10":1,"11":4,"12":0,"13":4,"14":4,"15":1,"16":4,"17":4,"18":4,"19":0,"20":4,"21":4,"22":4,"23":3,"24":1,"25":3,"26":3,"27":2,"28":2,"29":1,"30":1,"31":3,"32":3,"33":2,"34":1,"35":1,"36":2,"37":1,"38":1,"39":1,"40":3,"41":3,"42":2,"43":1,"44":1,"45":2,"46":1,"47":1,"48":1,"49":3,"50":3,"51":2,"52":1,"53":1,"54":2,"55":1,"56":1,"57":1,"58":3,"59":3,"60":2,"61":1,"62":1,"63":2,"64":1,"65":1,"66":1,"67":3,"68":3,"69":2,"70":1,"71":1,"72":2,"73":1,"74":1,"75":1,"76":5,"77":5,"78":5,"79":0,"80":5,"81":5,"82":4,"83":2,"84":2,"85":0,"86":2,"87":2,"88":2,"89":2,"90":2,"91":0,"92":0,"93":0,"94":2,"95":0,"96":2,"97":2,"98":2,"99":2,"100":2,"101":3,"102":2,"103":1,"104":1,"105":1},"f":{"0":5,"1":4,"2":2,"3":3,"4":3,"5":3,"6":3,"7":3,"8":5,"9":2,"10":2,"11":0},"b":{"0":[4],"1":[5],"2":[3],"3":[1,4],"4":[5,5],"5":[1,4],"6":[0,4],"7":[0,4],"8":[4,0],"9":[3,1],"10":[1,1],"11":[1,1],"12":[1,1],"13":[1,1],"14":[1,1],"15":[1,1],"16":[1,1],"17":[1,1],"18":[1,1],"19":[1,1],"20":[0,5],"21":[5,0],"22":[2,2],"23":[0,2],"24":[2,2],"25":[0,2],"26":[0,2],"27":[0,0],"28":[0,0],"29":[2,2],"30":[2,0],"31":[2,1]},"_coverageSchema":"1a1c01bbd47fc00a2c39e90264f33305004495a9","hash":"2ef550534c3af94e310ffe7d23a049eb9be60740"}
,"/Users/ethancornwill/Coder Academy/server/src/middlewares/checkAdminRole.js": {"path":"/Users/ethancornwill/Coder Academy/server/src/middlewares/checkAdminRole.js","statementMap":{"0":{"start":{"line":1,"column":17},"end":{"line":1,"column":47}},"1":{"start":{"line":6,"column":21},"end":{"line":20,"column":1}},"2":{"start":{"line":7,"column":2},"end":{"line":7,"column":42}},"3":{"start":{"line":7,"column":29},"end":{"line":7,"column":42}},"4":{"start":{"line":10,"column":2},"end":{"line":12,"column":3}},"5":{"start":{"line":11,"column":4},"end":{"line":11,"column":16}},"6":{"start":{"line":15,"column":2},"end":{"line":17,"column":3}},"7":{"start":{"line":16,"column":4},"end":{"line":16,"column":16}},"8":{"start":{"line":19,"column":2},"end":{"line":19,"column":15}},"9":{"start":{"line":22,"column":23},"end":{"line":127,"column":1}},"10":{"start":{"line":23,"column":2},"end":{"line":126,"column":3}},"11":{"start":{"line":25,"column":4},"end":{"line":57,"column":5}},"12":{"start":{"line":27,"column":6},"end":{"line":32,"column":7}},"13":{"start":{"line":28,"column":8},"end":{"line":30,"column":10}},"14":{"start":{"line":31,"column":8},"end":{"line":31,"column":22}},"15":{"start":{"line":35,"column":30},"end":{"line":35,"column":43}},"16":{"start":{"line":38,"column":6},"end":{"line":43,"column":7}},"17":{"start":{"line":39,"column":8},"end":{"line":41,"column":10}},"18":{"start":{"line":42,"column":8},"end":{"line":42,"column":22}},"19":{"start":{"line":46,"column":6},"end":{"line":50,"column":8}},"20":{"start":{"line":51,"column":6},"end":{"line":56,"column":9}},"21":{"start":{"line":60,"column":4},"end":{"line":67,"column":5}},"22":{"start":{"line":61,"column":6},"end":{"line":66,"column":9}},"23":{"start":{"line":70,"column":17},"end":{"line":70,"column":61}},"24":{"start":{"line":72,"column":4},"end":{"line":80,"column":5}},"25":{"start":{"line":73,"column":6},"end":{"line":73,"column":73}},"26":{"start":{"line":74,"column":6},"end":{"line":79,"column":9}},"27":{"start":{"line":83,"column":4},"end":{"line":83,"column":20}},"28":{"start":{"line":84,"column":4},"end":{"line":84,"column":29}},"29":{"start":{"line":85,"column":4},"end":{"line":85,"column":26}},"30":{"start":{"line":88,"column":4},"end":{"line":91,"column":5}},"31":{"start":{"line":89,"column":6},"end":{"line":89,"column":78}},"32":{"start":{"line":90,"column":6},"end":{"line":90,"column":20}},"33":{"start":{"line":94,"column":28},"end":{"line":94,"column":41}},"34":{"start":{"line":97,"column":4},"end":{"line":100,"column":5}},"35":{"start":{"line":98,"column":6},"end":{"line":98,"column":77}},"36":{"start":{"line":99,"column":6},"end":{"line":99,"column":20}},"37":{"start":{"line":103,"column":4},"end":{"line":107,"column":6}},"38":{"start":{"line":108,"column":4},"end":{"line":113,"column":7}},"39":{"start":{"line":115,"column":4},"end":{"line":119,"column":6}},"40":{"start":{"line":120,"column":4},"end":{"line":125,"column":7}},"41":{"start":{"line":129,"column":0},"end":{"line":129,"column":36}}},"fnMap":{"0":{"name":"(anonymous_0)","decl":{"start":{"line":6,"column":21},"end":{"line":6,"column":22}},"loc":{"start":{"line":6,"column":44},"end":{"line":20,"column":1}},"line":6},"1":{"name":"(anonymous_1)","decl":{"start":{"line":22,"column":23},"end":{"line":22,"column":24}},"loc":{"start":{"line":22,"column":49},"end":{"line":127,"column":1}},"line":22}},"branchMap":{"0":{"loc":{"start":{"line":7,"column":2},"end":{"line":7,"column":42}},"type":"if","locations":[{"start":{"line":7,"column":2},"end":{"line":7,"column":42}},{"start":{},"end":{}}],"line":7},"1":{"loc":{"start":{"line":7,"column":6},"end":{"line":7,"column":27}},"type":"binary-expr","locations":[{"start":{"line":7,"column":6},"end":{"line":7,"column":18}},{"start":{"line":7,"column":22},"end":{"line":7,"column":27}}],"line":7},"2":{"loc":{"start":{"line":10,"column":2},"end":{"line":12,"column":3}},"type":"if","locations":[{"start":{"line":10,"column":2},"end":{"line":12,"column":3}},{"start":{},"end":{}}],"line":10},"3":{"loc":{"start":{"line":10,"column":6},"end":{"line":10,"column":53}},"type":"binary-expr","locations":[{"start":{"line":10,"column":6},"end":{"line":10,"column":14}},{"start":{"line":10,"column":18},"end":{"line":10,"column":53}}],"line":10},"4":{"loc":{"start":{"line":15,"column":2},"end":{"line":17,"column":3}},"type":"if","locations":[{"start":{"line":15,"column":2},"end":{"line":17,"column":3}},{"start":{},"end":{}}],"line":15},"5":{"loc":{"start":{"line":15,"column":6},"end":{"line":15,"column":42}},"type":"binary-expr","locations":[{"start":{"line":15,"column":6},"end":{"line":15,"column":14}},{"start":{"line":15,"column":18},"end":{"line":15,"column":42}}],"line":15},"6":{"loc":{"start":{"line":25,"column":4},"end":{"line":57,"column":5}},"type":"if","locations":[{"start":{"line":25,"column":4},"end":{"line":57,"column":5}},{"start":{},"end":{}}],"line":25},"7":{"loc":{"start":{"line":27,"column":6},"end":{"line":32,"column":7}},"type":"if","locations":[{"start":{"line":27,"column":6},"end":{"line":32,"column":7}},{"start":{},"end":{}}],"line":27},"8":{"loc":{"start":{"line":29,"column":44},"end":{"line":29,"column":78}},"type":"binary-expr","locations":[{"start":{"line":29,"column":44},"end":{"line":29,"column":59}},{"start":{"line":29,"column":63},"end":{"line":29,"column":78}}],"line":29},"9":{"loc":{"start":{"line":38,"column":6},"end":{"line":43,"column":7}},"type":"if","locations":[{"start":{"line":38,"column":6},"end":{"line":43,"column":7}},{"start":{},"end":{}}],"line":38},"10":{"loc":{"start":{"line":40,"column":43},"end":{"line":40,"column":77}},"type":"binary-expr","locations":[{"start":{"line":40,"column":43},"end":{"line":40,"column":58}},{"start":{"line":40,"column":62},"end":{"line":40,"column":77}}],"line":40},"11":{"loc":{"start":{"line":47,"column":31},"end":{"line":47,"column":65}},"type":"binary-expr","locations":[{"start":{"line":47,"column":31},"end":{"line":47,"column":46}},{"start":{"line":47,"column":50},"end":{"line":47,"column":65}}],"line":47},"12":{"loc":{"start":{"line":60,"column":4},"end":{"line":67,"column":5}},"type":"if","locations":[{"start":{"line":60,"column":4},"end":{"line":67,"column":5}},{"start":{},"end":{}}],"line":60},"13":{"loc":{"start":{"line":72,"column":4},"end":{"line":80,"column":5}},"type":"if","locations":[{"start":{"line":72,"column":4},"end":{"line":80,"column":5}},{"start":{},"end":{}}],"line":72},"14":{"loc":{"start":{"line":88,"column":4},"end":{"line":91,"column":5}},"type":"if","locations":[{"start":{"line":88,"column":4},"end":{"line":91,"column":5}},{"start":{},"end":{}}],"line":88},"15":{"loc":{"start":{"line":89,"column":52},"end":{"line":89,"column":74}},"type":"binary-expr","locations":[{"start":{"line":89,"column":52},"end":{"line":89,"column":62}},{"start":{"line":89,"column":66},"end":{"line":89,"column":74}}],"line":89},"16":{"loc":{"start":{"line":97,"column":4},"end":{"line":100,"column":5}},"type":"if","locations":[{"start":{"line":97,"column":4},"end":{"line":100,"column":5}},{"start":{},"end":{}}],"line":97},"17":{"loc":{"start":{"line":98,"column":51},"end":{"line":98,"column":73}},"type":"binary-expr","locations":[{"start":{"line":98,"column":51},"end":{"line":98,"column":61}},{"start":{"line":98,"column":65},"end":{"line":98,"column":73}}],"line":98},"18":{"loc":{"start":{"line":104,"column":29},"end":{"line":104,"column":51}},"type":"binary-expr","locations":[{"start":{"line":104,"column":29},"end":{"line":104,"column":39}},{"start":{"line":104,"column":43},"end":{"line":104,"column":51}}],"line":104}},"s":{"0":1,"1":1,"2":5,"3":0,"4":5,"5":2,"6":3,"7":1,"8":2,"9":1,"10":10,"11":10,"12":4,"13":1,"14":1,"15":3,"16":3,"17":2,"18":2,"19":1,"20":1,"21":6,"22":1,"23":5,"24":4,"25":1,"26":1,"27":3,"28":3,"29":3,"30":3,"31":1,"32":1,"33":2,"34":2,"35":1,"36":1,"37":1,"38":1,"39":1,"40":1,"41":1},"f":{"0":5,"1":10},"b":{"0":[0,5],"1":[5,5],"2":[2,3],"3":[5,4],"4":[1,2],"5":[3,2],"6":[4,6],"7":[1,3],"8":[1,0],"9":[2,1],"10":[2,0],"11":[1,0],"12":[1,5],"13":[1,3],"14":[1,2],"15":[1,0],"16":[1,1],"17":[1,0],"18":[1,0]},"_coverageSchema":"1a1c01bbd47fc00a2c39e90264f33305004495a9","hash":"98341d2e0ca8d4ec504e98278f17d72933744e2c"}
,"/Users/ethancornwill/Coder Academy/server/src/middlewares/checkDuplicateUser.js": {"path":"/Users/ethancornwill/Coder Academy/server/src/middlewares/checkDuplicateUser.js","statementMap":{"0":{"start":{"line":1,"column":17},"end":{"line":1,"column":47}},"1":{"start":{"line":8,"column":27},"end":{"line":77,"column":1}},"2":{"start":{"line":9,"column":2},"end":{"line":76,"column":3}},"3":{"start":{"line":10,"column":22},"end":{"line":10,"column":30}},"4":{"start":{"line":13,"column":4},"end":{"line":15,"column":5}},"5":{"start":{"line":14,"column":6},"end":{"line":14,"column":20}},"6":{"start":{"line":18,"column":21},"end":{"line":18,"column":58}},"7":{"start":{"line":20,"column":4},"end":{"line":69,"column":5}},"8":{"start":{"line":25,"column":6},"end":{"line":33,"column":7}},"9":{"start":{"line":26,"column":8},"end":{"line":26,"column":38}},"10":{"start":{"line":27,"column":13},"end":{"line":33,"column":7}},"11":{"start":{"line":29,"column":28},"end":{"line":29,"column":72}},"12":{"start":{"line":30,"column":8},"end":{"line":32,"column":9}},"13":{"start":{"line":31,"column":10},"end":{"line":31,"column":42}},"14":{"start":{"line":35,"column":6},"end":{"line":39,"column":7}},"15":{"start":{"line":36,"column":8},"end":{"line":38,"column":11}},"16":{"start":{"line":42,"column":36},"end":{"line":42,"column":65}},"17":{"start":{"line":45,"column":6},"end":{"line":50,"column":7}},"18":{"start":{"line":49,"column":8},"end":{"line":49,"column":22}},"19":{"start":{"line":53,"column":6},"end":{"line":56,"column":9}},"20":{"start":{"line":59,"column":27},"end":{"line":59,"column":56}},"21":{"start":{"line":61,"column":6},"end":{"line":66,"column":7}},"22":{"start":{"line":62,"column":8},"end":{"line":65,"column":11}},"23":{"start":{"line":68,"column":6},"end":{"line":68,"column":13}},"24":{"start":{"line":71,"column":4},"end":{"line":71,"column":59}},"25":{"start":{"line":72,"column":4},"end":{"line":75,"column":7}},"26":{"start":{"line":79,"column":0},"end":{"line":79,"column":40}}},"fnMap":{"0":{"name":"(anonymous_0)","decl":{"start":{"line":8,"column":27},"end":{"line":8,"column":28}},"loc":{"start":{"line":8,"column":53},"end":{"line":77,"column":1}},"line":8}},"branchMap":{"0":{"loc":{"start":{"line":13,"column":4},"end":{"line":15,"column":5}},"type":"if","locations":[{"start":{"line":13,"column":4},"end":{"line":15,"column":5}},{"start":{},"end":{}}],"line":13},"1":{"loc":{"start":{"line":20,"column":4},"end":{"line":69,"column":5}},"type":"if","locations":[{"start":{"line":20,"column":4},"end":{"line":69,"column":5}},{"start":{"line":57,"column":11},"end":{"line":69,"column":5}}],"line":20},"2":{"loc":{"start":{"line":25,"column":6},"end":{"line":33,"column":7}},"type":"if","locations":[{"start":{"line":25,"column":6},"end":{"line":33,"column":7}},{"start":{"line":27,"column":13},"end":{"line":33,"column":7}}],"line":25},"3":{"loc":{"start":{"line":27,"column":13},"end":{"line":33,"column":7}},"type":"if","locations":[{"start":{"line":27,"column":13},"end":{"line":33,"column":7}},{"start":{},"end":{}}],"line":27},"4":{"loc":{"start":{"line":30,"column":8},"end":{"line":32,"column":9}},"type":"if","locations":[{"start":{"line":30,"column":8},"end":{"line":32,"column":9}},{"start":{},"end":{}}],"line":30},"5":{"loc":{"start":{"line":35,"column":6},"end":{"line":39,"column":7}},"type":"if","locations":[{"start":{"line":35,"column":6},"end":{"line":39,"column":7}},{"start":{},"end":{}}],"line":35},"6":{"loc":{"start":{"line":45,"column":6},"end":{"line":50,"column":7}},"type":"if","locations":[{"start":{"line":45,"column":6},"end":{"line":50,"column":7}},{"start":{},"end":{}}],"line":45},"7":{"loc":{"start":{"line":46,"column":8},"end":{"line":47,"column":73}},"type":"binary-expr","locations":[{"start":{"line":46,"column":8},"end":{"line":46,"column":30}},{"start":{"line":47,"column":8},"end":{"line":47,"column":73}}],"line":46},"8":{"loc":{"start":{"line":61,"column":6},"end":{"line":66,"column":7}},"type":"if","locations":[{"start":{"line":61,"column":6},"end":{"line":66,"column":7}},{"start":{},"end":{}}],"line":61},"9":{"loc":{"start":{"line":74,"column":15},"end":{"line":74,"column":56}},"type":"binary-expr","locations":[{"start":{"line":74,"column":15},"end":{"line":74,"column":28}},{"start":{"line":74,"column":32},"end":{"line":74,"column":56}}],"line":74}},"s":{"0":1,"1":1,"2":10,"3":10,"4":10,"5":2,"6":8,"7":8,"8":5,"9":3,"10":2,"11":1,"12":1,"13":1,"14":5,"15":1,"16":4,"17":4,"18":3,"19":1,"20":3,"21":2,"22":1,"23":1,"24":1,"25":1,"26":1},"f":{"0":10},"b":{"0":[2,8],"1":[5,3],"2":[3,2],"3":[1,1],"4":[1,0],"5":[1,4],"6":[3,1],"7":[4,3],"8":[1,1],"9":[1,0]},"_coverageSchema":"1a1c01bbd47fc00a2c39e90264f33305004495a9","hash":"e94d78e302fd73611b4f49f87a817fa4fc52f0b8"}
,"/Users/ethancornwill/Coder Academy/server/src/middlewares/checkUser.js": {"path":"/Users/ethancornwill/Coder Academy/server/src/middlewares/checkUser.js","statementMap":{"0":{"start":{"line":1,"column":12},"end":{"line":1,"column":35}},"1":{"start":{"line":2,"column":17},"end":{"line":2,"column":47}},"2":{"start":{"line":3,"column":15},"end":{"line":3,"column":41}},"3":{"start":{"line":4,"column":22},"end":{"line":4,"column":57}},"4":{"start":{"line":10,"column":29},"end":{"line":118,"column":1}},"5":{"start":{"line":11,"column":2},"end":{"line":117,"column":3}},"6":{"start":{"line":12,"column":24},"end":{"line":12,"column":39}},"7":{"start":{"line":13,"column":22},"end":{"line":13,"column":75}},"8":{"start":{"line":16,"column":23},"end":{"line":16,"column":48}},"9":{"start":{"line":17,"column":4},"end":{"line":28,"column":5}},"10":{"start":{"line":18,"column":6},"end":{"line":23,"column":9}},"11":{"start":{"line":24,"column":6},"end":{"line":24,"column":29}},"12":{"start":{"line":25,"column":6},"end":{"line":25,"column":31}},"13":{"start":{"line":26,"column":6},"end":{"line":26,"column":13}},"14":{"start":{"line":27,"column":6},"end":{"line":27,"column":13}},"15":{"start":{"line":31,"column":20},"end":{"line":31,"column":44}},"16":{"start":{"line":34,"column":4},"end":{"line":37,"column":7}},"17":{"start":{"line":40,"column":25},"end":{"line":40,"column":44}},"18":{"start":{"line":43,"column":4},"end":{"line":55,"column":5}},"19":{"start":{"line":44,"column":6},"end":{"line":47,"column":9}},"20":{"start":{"line":48,"column":6},"end":{"line":54,"column":8}},"21":{"start":{"line":57,"column":4},"end":{"line":70,"column":5}},"22":{"start":{"line":58,"column":6},"end":{"line":62,"column":9}},"23":{"start":{"line":63,"column":6},"end":{"line":69,"column":8}},"24":{"start":{"line":73,"column":4},"end":{"line":86,"column":5}},"25":{"start":{"line":74,"column":6},"end":{"line":78,"column":9}},"26":{"start":{"line":79,"column":6},"end":{"line":85,"column":8}},"27":{"start":{"line":89,"column":16},"end":{"line":89,"column":36}},"28":{"start":{"line":91,"column":4},"end":{"line":96,"column":7}},"29":{"start":{"line":99,"column":4},"end":{"line":99,"column":26}},"30":{"start":{"line":100,"column":4},"end":{"line":100,"column":37}},"31":{"start":{"line":101,"column":4},"end":{"line":101,"column":36}},"32":{"start":{"line":103,"column":4},"end":{"line":103,"column":11}},"33":{"start":{"line":105,"column":4},"end":{"line":109,"column":7}},"34":{"start":{"line":110,"column":4},"end":{"line":116,"column":6}},"35":{"start":{"line":124,"column":20},"end":{"line":189,"column":1}},"36":{"start":{"line":125,"column":2},"end":{"line":188,"column":3}},"37":{"start":{"line":126,"column":22},"end":{"line":126,"column":75}},"38":{"start":{"line":127,"column":16},"end":{"line":127,"column":31}},"39":{"start":{"line":129,"column":4},"end":{"line":139,"column":5}},"40":{"start":{"line":130,"column":6},"end":{"line":134,"column":9}},"41":{"start":{"line":135,"column":6},"end":{"line":135,"column":24}},"42":{"start":{"line":136,"column":6},"end":{"line":136,"column":29}},"43":{"start":{"line":137,"column":6},"end":{"line":137,"column":13}},"44":{"start":{"line":138,"column":6},"end":{"line":138,"column":13}},"45":{"start":{"line":142,"column":4},"end":{"line":145,"column":7}},"46":{"start":{"line":147,"column":17},"end":{"line":147,"column":44}},"47":{"start":{"line":149,"column":4},"end":{"line":171,"column":5}},"48":{"start":{"line":150,"column":6},"end":{"line":155,"column":9}},"49":{"start":{"line":157,"column":6},"end":{"line":157,"column":28}},"50":{"start":{"line":158,"column":6},"end":{"line":158,"column":41}},"51":{"start":{"line":159,"column":6},"end":{"line":159,"column":22}},"52":{"start":{"line":161,"column":6},"end":{"line":166,"column":9}},"53":{"start":{"line":168,"column":6},"end":{"line":168,"column":24}},"54":{"start":{"line":169,"column":6},"end":{"line":169,"column":29}},"55":{"start":{"line":170,"column":6},"end":{"line":170,"column":38}},"56":{"start":{"line":173,"column":4},"end":{"line":173,"column":11}},"57":{"start":{"line":175,"column":4},"end":{"line":179,"column":7}},"58":{"start":{"line":181,"column":4},"end":{"line":187,"column":6}},"59":{"start":{"line":191,"column":0},"end":{"line":191,"column":55}}},"fnMap":{"0":{"name":"(anonymous_0)","decl":{"start":{"line":10,"column":29},"end":{"line":10,"column":30}},"loc":{"start":{"line":10,"column":55},"end":{"line":118,"column":1}},"line":10},"1":{"name":"(anonymous_1)","decl":{"start":{"line":124,"column":20},"end":{"line":124,"column":21}},"loc":{"start":{"line":124,"column":46},"end":{"line":189,"column":1}},"line":124}},"branchMap":{"0":{"loc":{"start":{"line":13,"column":22},"end":{"line":13,"column":75}},"type":"binary-expr","locations":[{"start":{"line":13,"column":22},"end":{"line":13,"column":28}},{"start":{"line":13,"column":32},"end":{"line":13,"column":75}}],"line":13},"1":{"loc":{"start":{"line":17,"column":4},"end":{"line":28,"column":5}},"type":"if","locations":[{"start":{"line":17,"column":4},"end":{"line":28,"column":5}},{"start":{},"end":{}}],"line":17},"2":{"loc":{"start":{"line":17,"column":8},"end":{"line":17,"column":56}},"type":"binary-expr","locations":[{"start":{"line":17,"column":8},"end":{"line":17,"column":19}},{"start":{"line":17,"column":23},"end":{"line":17,"column":56}}],"line":17},"3":{"loc":{"start":{"line":43,"column":4},"end":{"line":55,"column":5}},"type":"if","locations":[{"start":{"line":43,"column":4},"end":{"line":55,"column":5}},{"start":{},"end":{}}],"line":43},"4":{"loc":{"start":{"line":57,"column":4},"end":{"line":70,"column":5}},"type":"if","locations":[{"start":{"line":57,"column":4},"end":{"line":70,"column":5}},{"start":{},"end":{}}],"line":57},"5":{"loc":{"start":{"line":73,"column":4},"end":{"line":86,"column":5}},"type":"if","locations":[{"start":{"line":73,"column":4},"end":{"line":86,"column":5}},{"start":{},"end":{}}],"line":73},"6":{"loc":{"start":{"line":73,"column":8},"end":{"line":73,"column":65}},"type":"binary-expr","locations":[{"start":{"line":73,"column":8},"end":{"line":73,"column":24}},{"start":{"line":73,"column":28},"end":{"line":73,"column":65}}],"line":73},"7":{"loc":{"start":{"line":94,"column":13},"end":{"line":94,"column":49}},"type":"binary-expr","locations":[{"start":{"line":94,"column":13},"end":{"line":94,"column":31}},{"start":{"line":94,"column":35},"end":{"line":94,"column":49}}],"line":94},"8":{"loc":{"start":{"line":126,"column":22},"end":{"line":126,"column":75}},"type":"binary-expr","locations":[{"start":{"line":126,"column":22},"end":{"line":126,"column":28}},{"start":{"line":126,"column":32},"end":{"line":126,"column":75}}],"line":126},"9":{"loc":{"start":{"line":129,"column":4},"end":{"line":139,"column":5}},"type":"if","locations":[{"start":{"line":129,"column":4},"end":{"line":139,"column":5}},{"start":{},"end":{}}],"line":129},"10":{"loc":{"start":{"line":149,"column":4},"end":{"line":171,"column":5}},"type":"if","locations":[{"start":{"line":149,"column":4},"end":{"line":171,"column":5}},{"start":{"line":160,"column":11},"end":{"line":171,"column":5}}],"line":149},"11":{"loc":{"start":{"line":154,"column":14},"end":{"line":154,"column":33}},"type":"binary-expr","locations":[{"start":{"line":154,"column":14},"end":{"line":154,"column":23}},{"start":{"line":154,"column":27},"end":{"line":154,"column":33}}],"line":154},"12":{"loc":{"start":{"line":158,"column":21},"end":{"line":158,"column":40}},"type":"binary-expr","locations":[{"start":{"line":158,"column":21},"end":{"line":158,"column":30}},{"start":{"line":158,"column":34},"end":{"line":158,"column":40}}],"line":158},"13":{"loc":{"start":{"line":178,"column":19},"end":{"line":178,"column":53}},"type":"binary-expr","locations":[{"start":{"line":178,"column":19},"end":{"line":178,"column":34}},{"start":{"line":178,"column":38},"end":{"line":178,"column":53}}],"line":178}},"s":{"0":1,"1":1,"2":1,"3":1,"4":1,"5":6,"6":6,"7":6,"8":6,"9":6,"10":1,"11":1,"12":1,"13":1,"14":1,"15":5,"16":5,"17":5,"18":4,"19":1,"20":1,"21":3,"22":1,"23":1,"24":2,"25":1,"26":1,"27":1,"28":1,"29":1,"30":1,"31":1,"32":1,"33":1,"34":1,"35":1,"36":5,"37":5,"38":5,"39":5,"40":1,"41":1,"42":1,"43":1,"44":1,"45":4,"46":4,"47":3,"48":2,"49":2,"50":2,"51":2,"52":1,"53":1,"54":1,"55":1,"56":3,"57":1,"58":1,"59":1},"f":{"0":6,"1":5},"b":{"0":[6,0],"1":[1,5],"2":[6,5],"3":[1,3],"4":[1,2],"5":[1,1],"6":[2,2],"7":[1,0],"8":[5,0],"9":[1,4],"10":[2,1],"11":[2,1],"12":[2,1],"13":[1,0]},"_coverageSchema":"1a1c01bbd47fc00a2c39e90264f33305004495a9","hash":"809f3d4fd3d64b9367ff8277e45f109552f2f3f5"}
[...]
,"/Users/ethancornwill/Coder Academy/server/src/utils/errorHandler.js": {"path":"/Users/ethancornwill/Coder Academy/server/src/utils/errorHandler.js","statementMap":{"0":{"start":{"line":1,"column":14},"end":{"line":1,"column":30}},"1":{"start":{"line":2,"column":15},"end":{"line":2,"column":34}},"2":{"start":{"line":9,"column":4},"end":{"line":9,"column":19}},"3":{"start":{"line":10,"column":4},"end":{"line":10,"column":33}},"4":{"start":{"line":11,"column":4},"end":{"line":11,"column":39}},"5":{"start":{"line":12,"column":4},"end":{"line":16,"column":5}},"6":{"start":{"line":13,"column":6},"end":{"line":13,"column":25}},"7":{"start":{"line":15,"column":6},"end":{"line":15,"column":54}},"8":{"start":{"line":23,"column":21},"end":{"line":36,"column":1}},"9":{"start":{"line":24,"column":21},"end":{"line":24,"column":42}},"10":{"start":{"line":27,"column":2},"end":{"line":27,"column":55}},"11":{"start":{"line":30,"column":2},"end":{"line":35,"column":5}},"12":{"start":{"line":41,"column":21},"end":{"line":43,"column":1}},"13":{"start":{"line":41,"column":29},"end":{"line":43,"column":1}},"14":{"start":{"line":42,"column":2},"end":{"line":42,"column":50}},"15":{"start":{"line":45,"column":0},"end":{"line":49,"column":2}}},"fnMap":{"0":{"name":"(anonymous_0)","decl":{"start":{"line":8,"column":2},"end":{"line":8,"column":3}},"loc":{"start":{"line":8,"column":69},"end":{"line":17,"column":3}},"line":8},"1":{"name":"(anonymous_1)","decl":{"start":{"line":23,"column":21},"end":{"line":23,"column":22}},"loc":{"start":{"line":23,"column":46},"end":{"line":36,"column":1}},"line":23},"2":{"name":"(anonymous_2)","decl":{"start":{"line":41,"column":21},"end":{"line":41,"column":22}},"loc":{"start":{"line":41,"column":29},"end":{"line":43,"column":1}},"line":41},"3":{"name":"(anonymous_3)","decl":{"start":{"line":41,"column":29},"end":{"line":41,"column":30}},"loc":{"start":{"line":41,"column":49},"end":{"line":43,"column":1}},"line":41}},"branchMap":{"0":{"loc":{"start":{"line":8,"column":35},"end":{"line":8,"column":55}},"type":"default-arg","locations":[{"start":{"line":8,"column":51},"end":{"line":8,"column":55}}],"line":8},"1":{"loc":{"start":{"line":8,"column":57},"end":{"line":8,"column":67}},"type":"default-arg","locations":[{"start":{"line":8,"column":65},"end":{"line":8,"column":67}}],"line":8},"2":{"loc":{"start":{"line":12,"column":4},"end":{"line":16,"column":5}},"type":"if","locations":[{"start":{"line":12,"column":4},"end":{"line":16,"column":5}},{"start":{"line":14,"column":11},"end":{"line":16,"column":5}}],"line":12},"3":{"loc":{"start":{"line":24,"column":21},"end":{"line":24,"column":42}},"type":"binary-expr","locations":[{"start":{"line":24,"column":21},"end":{"line":24,"column":35}},{"start":{"line":24,"column":39},"end":{"line":24,"column":42}}],"line":24},"4":{"loc":{"start":{"line":32,"column":13},"end":{"line":32,"column":51}},"type":"binary-expr","locations":[{"start":{"line":32,"column":13},"end":{"line":32,"column":24}},{"start":{"line":32,"column":28},"end":{"line":32,"column":51}}],"line":32},"5":{"loc":{"start":{"line":34,"column":8},"end":{"line":34,"column":70}},"type":"binary-expr","locations":[{"start":{"line":34,"column":8},"end":{"line":34,"column":46}},{"start":{"line":34,"column":50},"end":{"line":34,"column":70}}],"line":34}},"s":{"0":2,"1":2,"2":23,"3":23,"4":23,"5":23,"6":1,"7":22,"8":2,"9":6,"10":6,"11":6,"12":2,"13":4,"14":4,"15":2},"f":{"0":23,"1":6,"2":4,"3":4},"b":{"0":[21],"1":[22],"2":[1,22],"3":[6,5],"4":[6,1],"5":[6,1]},"_coverageSchema":"1a1c01bbd47fc00a2c39e90264f33305004495a9","hash":"26867a92647176d2c904ced706b64d27211541ca"}
,"/Users/ethancornwill/Coder Academy/server/src/utils/logger.js": {"path":"/Users/ethancornwill/Coder Academy/server/src/utils/logger.js","statementMap":{"0":{"start":{"line":1,"column":14},"end":{"line":1,"column":30}},"1":{"start":{"line":8,"column":4},"end":{"line":8,"column":74}},"2":{"start":{"line":15,"column":4},"end":{"line":15,"column":74}},"3":{"start":{"line":24,"column":23},"end":{"line":24,"column":55}},"4":{"start":{"line":25,"column":4},"end":{"line":27,"column":6}},"5":{"start":{"line":36,"column":23},"end":{"line":36,"column":55}},"6":{"start":{"line":37,"column":4},"end":{"line":39,"column":6}},"7":{"start":{"line":49,"column":23},"end":{"line":49,"column":55}},"8":{"start":{"line":51,"column":6},"end":{"line":51,"column":74}},"9":{"start":{"line":53,"column":4},"end":{"line":58,"column":5}},"10":{"start":{"line":54,"column":6},"end":{"line":54,"column":72}},"11":{"start":{"line":55,"column":6},"end":{"line":57,"column":7}},"12":{"start":{"line":56,"column":8},"end":{"line":56,"column":52}},"13":{"start":{"line":60,"column":4},"end":{"line":60,"column":30}},"14":{"start":{"line":69,"column":23},"end":{"line":69,"column":55}},"15":{"start":{"line":70,"column":4},"end":{"line":72,"column":6}},"16":{"start":{"line":81,"column":4},"end":{"line":81,"column":37}},"17":{"start":{"line":81,"column":30},"end":{"line":81,"column":37}},"18":{"start":{"line":83,"column":21},"end":{"line":83,"column":77}},"19":{"start":{"line":85,"column":4},"end":{"line":91,"column":5}},"20":{"start":{"line":86,"column":6},"end":{"line":90,"column":7}},"21":{"start":{"line":87,"column":8},"end":{"line":87,"column":70}},"22":{"start":{"line":89,"column":8},"end":{"line":89,"column":74}},"23":{"start":{"line":93,"column":4},"end":{"line":93,"column":28}},"24":{"start":{"line":106,"column":6},"end":{"line":114,"column":21}},"25":{"start":{"line":117,"column":6},"end":{"line":121,"column":30}},"26":{"start":{"line":124,"column":4},"end":{"line":126,"column":5}},"27":{"start":{"line":125,"column":6},"end":{"line":125,"column":52}},"28":{"start":{"line":129,"column":4},"end":{"line":137,"column":5}},"29":{"start":{"line":131,"column":8},"end":{"line":135,"column":23}},"30":{"start":{"line":136,"column":6},"end":{"line":136,"column":57}},"31":{"start":{"line":139,"column":4},"end":{"line":139,"column":28}},"32":{"start":{"line":147,"column":4},"end":{"line":147,"column":73}},"33":{"start":{"line":147,"column":63},"end":{"line":147,"column":73}},"34":{"start":{"line":149,"column":4},"end":{"line":162,"column":5}},"35":{"start":{"line":150,"column":29},"end":{"line":157,"column":19}},"36":{"start":{"line":153,"column":12},"end":{"line":155,"column":14}},"37":{"start":{"line":159,"column":6},"end":{"line":159,"column":47}},"38":{"start":{"line":161,"column":6},"end":{"line":161,"column":48}},"39":{"start":{"line":166,"column":0},"end":{"line":166,"column":24}}},"fnMap":{"0":{"name":"(anonymous_0)","decl":{"start":{"line":14,"column":2},"end":{"line":14,"column":3}},"loc":{"start":{"line":14,"column":24},"end":{"line":16,"column":3}},"line":14},"1":{"name":"(anonymous_1)","decl":{"start":{"line":23,"column":2},"end":{"line":23,"column":3}},"loc":{"start":{"line":23,"column":41},"end":{"line":28,"column":3}},"line":23},"2":{"name":"(anonymous_2)","decl":{"start":{"line":35,"column":2},"end":{"line":35,"column":3}},"loc":{"start":{"line":35,"column":44},"end":{"line":40,"column":3}},"line":35},"3":{"name":"(anonymous_3)","decl":{"start":{"line":48,"column":2},"end":{"line":48,"column":3}},"loc":{"start":{"line":48,"column":56},"end":{"line":61,"column":3}},"line":48},"4":{"name":"(anonymous_4)","decl":{"start":{"line":68,"column":2},"end":{"line":68,"column":3}},"loc":{"start":{"line":68,"column":41},"end":{"line":73,"column":3}},"line":68},"5":{"name":"(anonymous_5)","decl":{"start":{"line":80,"column":2},"end":{"line":80,"column":3}},"loc":{"start":{"line":80,"column":37},"end":{"line":94,"column":3}},"line":80},"6":{"name":"(anonymous_6)","decl":{"start":{"line":104,"column":2},"end":{"line":104,"column":3}},"loc":{"start":{"line":104,"column":75},"end":{"line":140,"column":3}},"line":104},"7":{"name":"(anonymous_7)","decl":{"start":{"line":146,"column":2},"end":{"line":146,"column":3}},"loc":{"start":{"line":146,"column":37},"end":{"line":163,"column":3}},"line":146},"8":{"name":"(anonymous_8)","decl":{"start":{"line":152,"column":10},"end":{"line":152,"column":11}},"loc":{"start":{"line":153,"column":12},"end":{"line":155,"column":14}},"line":153}},"branchMap":{"0":{"loc":{"start":{"line":8,"column":4},"end":{"line":8,"column":74}},"type":"binary-expr","locations":[{"start":{"line":8,"column":4},"end":{"line":8,"column":42}},{"start":{"line":8,"column":46},"end":{"line":8,"column":74}}],"line":8},"1":{"loc":{"start":{"line":23,"column":23},"end":{"line":23,"column":39}},"type":"default-arg","locations":[{"start":{"line":23,"column":37},"end":{"line":23,"column":39}}],"line":23},"2":{"loc":{"start":{"line":35,"column":26},"end":{"line":35,"column":42}},"type":"default-arg","locations":[{"start":{"line":35,"column":40},"end":{"line":35,"column":42}}],"line":35},"3":{"loc":{"start":{"line":48,"column":24},"end":{"line":48,"column":36}},"type":"default-arg","locations":[{"start":{"line":48,"column":32},"end":{"line":48,"column":36}}],"line":48},"4":{"loc":{"start":{"line":48,"column":38},"end":{"line":48,"column":54}},"type":"default-arg","locations":[{"start":{"line":48,"column":52},"end":{"line":48,"column":54}}],"line":48},"5":{"loc":{"start":{"line":53,"column":4},"end":{"line":58,"column":5}},"type":"if","locations":[{"start":{"line":53,"column":4},"end":{"line":58,"column":5}},{"start":{},"end":{}}],"line":53},"6":{"loc":{"start":{"line":55,"column":6},"end":{"line":57,"column":7}},"type":"if","locations":[{"start":{"line":55,"column":6},"end":{"line":57,"column":7}},{"start":{},"end":{}}],"line":55},"7":{"loc":{"start":{"line":55,"column":10},"end":{"line":55,"column":44}},"type":"binary-expr","locations":[{"start":{"line":55,"column":10},"end":{"line":55,"column":21}},{"start":{"line":55,"column":25},"end":{"line":55,"column":44}}],"line":55},"8":{"loc":{"start":{"line":68,"column":23},"end":{"line":68,"column":39}},"type":"default-arg","locations":[{"start":{"line":68,"column":37},"end":{"line":68,"column":39}}],"line":68},"9":{"loc":{"start":{"line":80,"column":24},"end":{"line":80,"column":35}},"type":"default-arg","locations":[{"start":{"line":80,"column":31},"end":{"line":80,"column":35}}],"line":80},"10":{"loc":{"start":{"line":81,"column":4},"end":{"line":81,"column":37}},"type":"if","locations":[{"start":{"line":81,"column":4},"end":{"line":81,"column":37}},{"start":{},"end":{}}],"line":81},"11":{"loc":{"start":{"line":85,"column":4},"end":{"line":91,"column":5}},"type":"if","locations":[{"start":{"line":85,"column":4},"end":{"line":91,"column":5}},{"start":{},"end":{}}],"line":85},"12":{"loc":{"start":{"line":104,"column":39},"end":{"line":104,"column":52}},"type":"default-arg","locations":[{"start":{"line":104,"column":48},"end":{"line":104,"column":52}}],"line":104},"13":{"loc":{"start":{"line":104,"column":54},"end":{"line":104,"column":73}},"type":"default-arg","locations":[{"start":{"line":104,"column":69},"end":{"line":104,"column":73}}],"line":104},"14":{"loc":{"start":{"line":106,"column":6},"end":{"line":114,"column":21}},"type":"cond-expr","locations":[{"start":{"line":107,"column":10},"end":{"line":107,"column":19}},{"start":{"line":108,"column":10},"end":{"line":114,"column":21}}],"line":106},"15":{"loc":{"start":{"line":108,"column":10},"end":{"line":114,"column":21}},"type":"cond-expr","locations":[{"start":{"line":109,"column":10},"end":{"line":109,"column":22}},{"start":{"line":110,"column":10},"end":{"line":114,"column":21}}],"line":108},"16":{"loc":{"start":{"line":110,"column":10},"end":{"line":114,"column":21}},"type":"cond-expr","locations":[{"start":{"line":111,"column":10},"end":{"line":111,"column":20}},{"start":{"line":112,"column":10},"end":{"line":114,"column":21}}],"line":110},"17":{"loc":{"start":{"line":112,"column":10},"end":{"line":114,"column":21}},"type":"cond-expr","locations":[{"start":{"line":113,"column":10},"end":{"line":113,"column":21}},{"start":{"line":114,"column":10},"end":{"line":114,"column":21}}],"line":112},"18":{"loc":{"start":{"line":124,"column":4},"end":{"line":126,"column":5}},"type":"if","locations":[{"start":{"line":124,"column":4},"end":{"line":126,"column":5}},{"start":{},"end":{}}],"line":124},"19":{"loc":{"start":{"line":129,"column":4},"end":{"line":137,"column":5}},"type":"if","locations":[{"start":{"line":129,"column":4},"end":{"line":137,"column":5}},{"start":{},"end":{}}],"line":129},"20":{"loc":{"start":{"line":131,"column":8},"end":{"line":135,"column":23}},"type":"cond-expr","locations":[{"start":{"line":132,"column":12},"end":{"line":132,"column":21}},{"start":{"line":133,"column":12},"end":{"line":135,"column":23}}],"line":131},"21":{"loc":{"start":{"line":133,"column":12},"end":{"line":135,"column":23}},"type":"cond-expr","locations":[{"start":{"line":134,"column":12},"end":{"line":134,"column":24}},{"start":{"line":135,"column":12},"end":{"line":135,"column":23}}],"line":133},"22":{"loc":{"start":{"line":147,"column":4},"end":{"line":147,"column":73}},"type":"if","locations":[{"start":{"line":147,"column":4},"end":{"line":147,"column":73}},{"start":{},"end":{}}],"line":147},"23":{"loc":{"start":{"line":147,"column":8},"end":{"line":147,"column":61}},"type":"binary-expr","locations":[{"start":{"line":147,"column":8},"end":{"line":147,"column":20}},{"start":{"line":147,"column":24},"end":{"line":147,"column":61}}],"line":147},"24":{"loc":{"start":{"line":154,"column":14},"end":{"line":154,"column":71}},"type":"cond-expr","locations":[{"start":{"line":154,"column":42},"end":{"line":154,"column":63}},{"start":{"line":154,"column":66},"end":{"line":154,"column":71}}],"line":154}},"s":{"0":6,"1":6,"2":1,"3":2,"4":2,"5":2,"6":2,"7":5,"8":5,"9":5,"10":3,"11":3,"12":1,"13":5,"14":2,"15":2,"16":4,"17":1,"18":3,"19":3,"20":2,"21":2,"22":1,"23":3,"24":10,"25":10,"26":10,"27":1,"28":10,"29":3,"30":3,"31":10,"32":15,"33":8,"34":7,"35":7,"36":14,"37":6,"38":1,"39":6},"f":{"0":1,"1":2,"2":2,"3":5,"4":2,"5":4,"6":10,"7":15,"8":14},"b":{"0":[6,6],"1":[1],"2":[1],"3":[1],"4":[4],"5":[3,2],"6":[1,2],"7":[3,3],"8":[1],"9":[2],"10":[1,3],"11":[2,1],"12":[6],"13":[7],"14":[1,9],"15":[2,7],"16":[1,6],"17":[6,0],"18":[1,9],"19":[3,7],"20":[1,2],"21":[1,1],"22":[8,7],"23":[15,15],"24":[3,11]},"_coverageSchema":"1a1c01bbd47fc00a2c39e90264f33305004495a9","hash":"de4beaad9112ffb6886861a24979862709c90e31"}
,"/Users/ethancornwill/Coder Academy/server/src/utils/responseHandler.js": {"path":"/Users/ethancornwill/Coder Academy/server/src/utils/responseHandler.js","statementMap":{"0":{"start":{"line":1,"column":15},"end":{"line":1,"column":34}},"1":{"start":{"line":11,"column":20},"end":{"line":30,"column":1}},"2":{"start":{"line":17,"column":19},"end":{"line":22,"column":3}},"3":{"start":{"line":24,"column":2},"end":{"line":27,"column":5}},"4":{"start":{"line":29,"column":2},"end":{"line":29,"column":47}},"5":{"start":{"line":41,"column":18},"end":{"line":78,"column":1}},"6":{"start":{"line":49,"column":19},"end":{"line":53,"column":3}},"7":{"start":{"line":56,"column":2},"end":{"line":58,"column":3}},"8":{"start":{"line":57,"column":4},"end":{"line":57,"column":35}},"9":{"start":{"line":61,"column":2},"end":{"line":63,"column":3}},"10":{"start":{"line":62,"column":4},"end":{"line":62,"column":29}},"11":{"start":{"line":66,"column":2},"end":{"line":68,"column":3}},"12":{"start":{"line":67,"column":4},"end":{"line":67,"column":34}},"13":{"start":{"line":71,"column":2},"end":{"line":75,"column":5}},"14":{"start":{"line":77,"column":2},"end":{"line":77,"column":47}},"15":{"start":{"line":86,"column":28},"end":{"line":97,"column":1}},"16":{"start":{"line":87,"column":23},"end":{"line":87,"column":42}},"17":{"start":{"line":88,"column":26},"end":{"line":90,"column":48}},"18":{"start":{"line":92,"column":2},"end":{"line":94,"column":5}},"19":{"start":{"line":96,"column":2},"end":{"line":96,"column":80}},"20":{"start":{"line":99,"column":0},"end":{"line":103,"column":2}}},"fnMap":{"0":{"name":"(anonymous_0)","decl":{"start":{"line":11,"column":20},"end":{"line":11,"column":21}},"loc":{"start":{"line":16,"column":5},"end":{"line":30,"column":1}},"line":16},"1":{"name":"(anonymous_1)","decl":{"start":{"line":41,"column":18},"end":{"line":41,"column":19}},"loc":{"start":{"line":47,"column":5},"end":{"line":78,"column":1}},"line":47},"2":{"name":"(anonymous_2)","decl":{"start":{"line":86,"column":28},"end":{"line":86,"column":29}},"loc":{"start":{"line":86,"column":55},"end":{"line":97,"column":1}},"line":86}},"branchMap":{"0":{"loc":{"start":{"line":13,"column":2},"end":{"line":13,"column":13}},"type":"default-arg","locations":[{"start":{"line":13,"column":9},"end":{"line":13,"column":13}}],"line":13},"1":{"loc":{"start":{"line":14,"column":2},"end":{"line":14,"column":34}},"type":"default-arg","locations":[{"start":{"line":14,"column":12},"end":{"line":14,"column":34}}],"line":14},"2":{"loc":{"start":{"line":15,"column":2},"end":{"line":15,"column":18}},"type":"default-arg","locations":[{"start":{"line":15,"column":15},"end":{"line":15,"column":18}}],"line":15},"3":{"loc":{"start":{"line":43,"column":2},"end":{"line":43,"column":31}},"type":"default-arg","locations":[{"start":{"line":43,"column":12},"end":{"line":43,"column":31}}],"line":43},"4":{"loc":{"start":{"line":44,"column":2},"end":{"line":44,"column":18}},"type":"default-arg","locations":[{"start":{"line":44,"column":15},"end":{"line":44,"column":18}}],"line":44},"5":{"loc":{"start":{"line":45,"column":2},"end":{"line":45,"column":15}},"type":"default-arg","locations":[{"start":{"line":45,"column":11},"end":{"line":45,"column":15}}],"line":45},"6":{"loc":{"start":{"line":46,"column":2},"end":{"line":46,"column":18}},"type":"default-arg","locations":[{"start":{"line":46,"column":14},"end":{"line":46,"column":18}}],"line":46},"7":{"loc":{"start":{"line":56,"column":2},"end":{"line":58,"column":3}},"type":"if","locations":[{"start":{"line":56,"column":2},"end":{"line":58,"column":3}},{"start":{},"end":{}}],"line":56},"8":{"loc":{"start":{"line":61,"column":2},"end":{"line":63,"column":3}},"type":"if","locations":[{"start":{"line":61,"column":2},"end":{"line":63,"column":3}},{"start":{},"end":{}}],"line":61},"9":{"loc":{"start":{"line":66,"column":2},"end":{"line":68,"column":3}},"type":"if","locations":[{"start":{"line":66,"column":2},"end":{"line":68,"column":3}},{"start":{},"end":{}}],"line":66},"10":{"loc":{"start":{"line":66,"column":6},"end":{"line":66,"column":70}},"type":"binary-expr","locations":[{"start":{"line":66,"column":6},"end":{"line":66,"column":44}},{"start":{"line":66,"column":48},"end":{"line":66,"column":54}},{"start":{"line":66,"column":58},"end":{"line":66,"column":70}}],"line":66},"11":{"loc":{"start":{"line":88,"column":26},"end":{"line":90,"column":48}},"type":"cond-expr","locations":[{"start":{"line":89,"column":6},"end":{"line":89,"column":22}},{"start":{"line":90,"column":6},"end":{"line":90,"column":48}}],"line":88}},"s":{"0":1,"1":1,"2":3,"3":3,"4":3,"5":1,"6":7,"7":7,"8":4,"9":7,"10":6,"11":7,"12":1,"13":7,"14":7,"15":1,"16":3,"17":3,"18":3,"19":3,"20":1},"f":{"0":3,"1":7,"2":3},"b":{"0":[1],"1":[1],"2":[2],"3":[1],"4":[1],"5":[1],"6":[3],"7":[4,3],"8":[6,1],"9":[1,6],"10":[7,1,1],"11":[2,1]},"_coverageSchema":"1a1c01bbd47fc00a2c39e90264f33305004495a9","hash":"3fccc527b9fef4d57af92a445835ff34e0744685"}
}
