TN:
SF:src/index.js
FN:10,(anonymous_0)
FN:29,(anonymous_1)
FN:32,(anonymous_2)
FN:36,(anonymous_3)
FN:39,(anonymous_4)
FNF:5
FNH:1
FNDA:2,(anonymous_0)
FNDA:0,(anonymous_1)
FNDA:0,(anonymous_2)
FNDA:0,(anonymous_3)
FNDA:0,(anonymous_4)
DA:1,4
DA:2,4
DA:3,4
DA:4,4
DA:7,4
DA:10,4
DA:11,2
DA:16,2
DA:18,2
DA:19,2
DA:21,0
DA:24,0
DA:29,4
DA:30,0
DA:32,0
DA:36,4
DA:37,0
DA:39,0
LF:18
LH:12
BRDA:7,0,0,4
BRDA:7,0,1,3
BRDA:12,1,0,2
BRDA:12,1,1,0
BRF:4
BRH:3
end_of_record
TN:
SF:src/controllers/categoryController.js
FN:3,createCategory
FN:26,getAllCategories
FN:35,getCategoryById
FN:46,updateCategory
FN:62,deleteCategory
FNF:5
FNH:5
FNDA:3,createCategory
FNDA:2,getAllCategories
FNDA:3,getCategoryById
FNDA:3,updateCategory
FNDA:3,deleteCategory
DA:1,1
DA:4,3
DA:6,3
DA:9,3
DA:10,3
DA:11,1
DA:17,2
DA:18,2
DA:19,1
DA:21,1
DA:22,1
DA:27,2
DA:28,2
DA:30,1
DA:31,1
DA:36,3
DA:37,3
DA:38,2
DA:39,1
DA:41,2
DA:42,2
DA:47,3
DA:48,3
DA:49,3
DA:54,2
DA:55,1
DA:57,2
DA:58,2
DA:63,3
DA:64,3
DA:65,2
DA:66,1
DA:68,2
DA:69,2
DA:73,1
LF:35
LH:35
BRDA:10,0,0,1
BRDA:10,0,1,2
BRDA:38,1,0,1
BRDA:38,1,1,1
BRDA:54,2,0,1
BRDA:54,2,1,1
BRDA:65,3,0,1
BRDA:65,3,1,1
BRF:8
BRH:8
end_of_record
TN:
SF:src/controllers/menuItemController.js
FN:3,createMenuItem
FN:37,(anonymous_1)
FN:66,getMenuItemById
FN:104,getAllMenuItems
FN:136,updateMenuItem
FN:173,(anonymous_5)
FN:207,deleteMenuItem
FNF:7
FNH:7
FNDA:6,createMenuItem
FNDA:2,(anonymous_1)
FNDA:4,getMenuItemById
FNDA:4,getAllMenuItems
FNDA:8,updateMenuItem
FNDA:2,(anonymous_5)
FNDA:4,deleteMenuItem
DA:1,1
DA:11,6
DA:13,6
DA:14,3
DA:17,3
DA:18,3
DA:21,3
DA:30,3
DA:31,1
DA:34,5
DA:35,1
DA:37,2
DA:40,1
DA:41,1
DA:45,4
DA:46,1
DA:49,1
DA:50,1
DA:53,3
DA:56,3
DA:57,0
DA:58,0
DA:62,3
DA:67,4
DA:68,4
DA:69,1
DA:70,1
DA:71,1
DA:74,3
DA:76,2
DA:77,1
DA:78,1
DA:79,1
DA:82,1
DA:84,3
DA:87,3
DA:88,1
DA:89,1
DA:90,1
DA:94,2
DA:95,0
DA:96,0
DA:100,2
DA:105,4
DA:106,4
DA:108,4
DA:110,3
DA:111,2
DA:112,2
DA:113,2
DA:116,1
DA:119,2
DA:121,2
DA:123,2
DA:126,2
DA:127,0
DA:128,0
DA:132,2
DA:137,8
DA:138,8
DA:139,1
DA:140,1
DA:141,1
DA:144,7
DA:145,2
DA:146,2
DA:147,2
DA:150,5
DA:159,2
DA:160,1
DA:161,1
DA:162,1
DA:165,1
DA:167,7
DA:170,7
DA:171,1
DA:173,2
DA:176,1
DA:177,1
DA:181,6
DA:182,1
DA:183,1
DA:184,1
DA:188,5
DA:189,1
DA:192,1
DA:193,1
DA:197,4
DA:198,0
DA:199,0
DA:203,4
DA:208,4
DA:209,4
DA:210,1
DA:211,1
DA:212,1
DA:215,3
DA:217,2
DA:218,1
DA:221,1
DA:222,1
DA:225,1
DA:227,3
DA:230,3
DA:231,1
DA:232,1
DA:233,1
DA:237,2
DA:238,0
DA:239,0
DA:243,2
DA:247,1
LF:112
LH:102
BRDA:8,0,0,5
BRDA:13,1,0,3
BRDA:13,1,1,3
BRDA:13,2,0,6
BRDA:13,2,1,5
BRDA:13,2,2,4
BRDA:34,3,0,1
BRDA:34,3,1,4
BRDA:45,4,0,1
BRDA:45,4,1,3
BRDA:56,5,0,0
BRDA:56,5,1,3
BRDA:59,6,0,0
BRDA:59,6,1,0
BRDA:68,7,0,1
BRDA:68,7,1,3
BRDA:76,8,0,1
BRDA:76,8,1,1
BRDA:87,9,0,1
BRDA:87,9,1,2
BRDA:94,10,0,0
BRDA:94,10,1,2
BRDA:97,11,0,0
BRDA:97,11,1,0
BRDA:104,12,0,1
BRDA:108,13,0,3
BRDA:108,13,1,1
BRDA:110,14,0,2
BRDA:110,14,1,1
BRDA:110,15,0,3
BRDA:110,15,1,2
BRDA:126,16,0,0
BRDA:126,16,1,2
BRDA:129,17,0,0
BRDA:129,17,1,0
BRDA:138,18,0,1
BRDA:138,18,1,7
BRDA:144,19,0,2
BRDA:144,19,1,5
BRDA:144,20,0,7
BRDA:144,20,1,6
BRDA:159,21,0,1
BRDA:159,21,1,1
BRDA:170,22,0,1
BRDA:170,22,1,6
BRDA:181,23,0,1
BRDA:181,23,1,5
BRDA:188,24,0,1
BRDA:188,24,1,4
BRDA:197,25,0,0
BRDA:197,25,1,4
BRDA:200,26,0,0
BRDA:200,26,1,0
BRDA:209,27,0,1
BRDA:209,27,1,3
BRDA:217,28,0,1
BRDA:217,28,1,1
BRDA:230,29,0,1
BRDA:230,29,1,2
BRDA:237,30,0,0
BRDA:237,30,1,2
BRDA:240,31,0,0
BRDA:240,31,1,0
BRF:63
BRH:48
end_of_record
TN:
SF:src/controllers/orderController.js
FN:8,createOrder
FN:118,getOrderById
FN:136,getAllOrders
FN:152,updateOrderStatus
FNF:4
FNH:4
FNDA:9,createOrder
FNDA:3,getOrderById
FNDA:2,getAllOrders
FNDA:3,updateOrderStatus
DA:1,1
DA:2,1
DA:14,9
DA:16,9
DA:17,1
DA:25,8
DA:26,2
DA:35,6
DA:36,1
DA:46,5
DA:51,5
DA:52,1
DA:61,4
DA:68,4
DA:71,2
DA:72,2
DA:79,2
DA:85,2
DA:88,2
DA:89,1
DA:92,1
DA:93,2
DA:96,1
DA:106,1
DA:119,3
DA:120,3
DA:125,2
DA:126,1
DA:128,2
DA:129,2
DA:137,2
DA:138,2
DA:143,1
DA:144,1
DA:153,3
DA:154,3
DA:160,2
DA:161,1
DA:164,1
DA:165,1
DA:167,2
DA:168,2
DA:172,1
LF:43
LH:43
BRDA:12,0,0,8
BRDA:16,1,0,1
BRDA:16,1,1,8
BRDA:25,2,0,2
BRDA:25,2,1,6
BRDA:25,3,0,8
BRDA:25,3,1,7
BRDA:25,3,2,7
BRDA:35,4,0,1
BRDA:35,4,1,5
BRDA:35,5,0,6
BRDA:35,5,1,6
BRDA:46,6,0,1
BRDA:46,6,1,4
BRDA:46,7,0,5
BRDA:46,7,1,1
BRDA:51,8,0,1
BRDA:51,8,1,4
BRDA:51,9,0,5
BRDA:51,9,1,5
BRDA:65,10,0,4
BRDA:65,10,1,3
BRDA:71,11,0,2
BRDA:71,11,1,0
BRDA:88,12,0,1
BRDA:88,12,1,1
BRDA:109,13,0,1
BRDA:109,13,1,0
BRDA:125,14,0,1
BRDA:125,14,1,1
BRDA:160,15,0,1
BRDA:160,15,1,1
BRDA:168,16,0,2
BRDA:168,16,1,0
BRF:34
BRH:31
end_of_record
TN:
SF:src/controllers/paymentController.js
FN:3,storeSuccessfulPayment
FNF:1
FNH:1
FNDA:5,storeSuccessfulPayment
DA:1,1
DA:4,5
DA:5,5
DA:6,2
DA:7,2
DA:10,3
DA:15,3
DA:29,3
DA:31,2
DA:36,1
DA:37,1
DA:45,1
LF:12
LH:12
BRDA:5,0,0,2
BRDA:5,0,1,3
BRDA:5,1,0,5
BRDA:5,1,1,4
BRDA:24,2,0,3
BRDA:24,2,1,2
BRF:6
BRH:6
end_of_record
TN:
SF:src/controllers/toppingController.js
FN:3,createTopping
FN:19,getToppingById
FN:30,getAllToppings
FN:39,updateTopping
FN:55,deleteTopping
FNF:5
FNH:5
FNDA:3,createTopping
FNDA:3,getToppingById
FNDA:2,getAllToppings
FNDA:3,updateTopping
FNDA:3,deleteTopping
DA:1,1
DA:4,3
DA:5,3
DA:11,0
DA:12,0
DA:14,3
DA:15,3
DA:20,3
DA:21,3
DA:22,2
DA:23,1
DA:25,2
DA:26,2
DA:31,2
DA:32,2
DA:34,1
DA:35,1
DA:40,3
DA:41,3
DA:47,2
DA:48,1
DA:50,2
DA:51,2
DA:56,3
DA:57,3
DA:58,2
DA:59,1
DA:61,2
DA:62,2
DA:66,1
LF:30
LH:28
BRDA:3,0,0,1
BRDA:3,1,0,2
BRDA:22,2,0,1
BRDA:22,2,1,1
BRDA:47,3,0,1
BRDA:47,3,1,1
BRDA:58,4,0,1
BRDA:58,4,1,1
BRF:8
BRH:8
end_of_record
TN:
SF:src/controllers/userController.js
FN:4,createUser
FN:53,(anonymous_1)
FN:82,getAllUsers
FN:91,updateUser
FN:107,deleteUser
FN:121,getUserByUid
FN:151,updateUserByUid
FN:168,deleteUserByUid
FN:185,getUserOrders
FN:239,(anonymous_9)
FN:255,(anonymous_10)
FN:271,(anonymous_11)
FNF:12
FNH:11
FNDA:5,createUser
FNDA:4,(anonymous_1)
FNDA:2,getAllUsers
FNDA:3,updateUser
FNDA:3,deleteUser
FNDA:3,getUserByUid
FNDA:3,updateUserByUid
FNDA:3,deleteUserByUid
FNDA:5,getUserOrders
FNDA:2,(anonymous_9)
FNDA:2,(anonymous_10)
FNDA:0,(anonymous_11)
DA:1,1
DA:2,1
DA:5,5
DA:13,5
DA:16,5
DA:17,1
DA:20,4
DA:29,0
DA:30,0
DA:33,5
DA:36,4
DA:37,0
DA:45,4
DA:46,4
DA:53,1
DA:54,4
DA:56,4
DA:60,4
DA:62,0
DA:65,4
DA:68,4
DA:71,4
DA:72,3
DA:75,1
DA:77,3
DA:78,3
DA:83,2
DA:84,2
DA:86,1
DA:87,1
DA:92,3
DA:93,3
DA:97,2
DA:98,1
DA:99,1
DA:101,2
DA:102,1
DA:103,1
DA:108,3
DA:109,3
DA:110,2
DA:111,1
DA:112,1
DA:114,2
DA:115,1
DA:116,1
DA:122,3
DA:123,3
DA:138,2
DA:139,1
DA:142,1
DA:144,2
DA:145,1
DA:146,1
DA:152,3
DA:153,3
DA:157,2
DA:158,1
DA:159,1
DA:161,2
DA:162,1
DA:163,1
DA:169,3
DA:170,3
DA:171,2
DA:172,1
DA:173,1
DA:175,2
DA:176,1
DA:177,1
DA:186,5
DA:188,5
DA:192,5
DA:194,0
DA:210,5
DA:213,5
DA:229,4
DA:230,2
DA:234,2
DA:235,0
DA:239,2
DA:240,2
DA:243,2
DA:255,2
DA:257,2
DA:258,0
DA:264,0
DA:265,0
DA:269,2
DA:271,0
DA:277,2
DA:278,2
DA:280,2
DA:283,2
DA:286,2
DA:288,3
DA:289,1
DA:290,1
DA:294,1
LF:99
LH:89
BRDA:10,0,0,4
BRDA:11,1,0,5
BRDA:12,2,0,3
BRDA:16,3,0,1
BRDA:16,3,1,4
BRDA:16,4,0,5
BRDA:16,4,1,5
BRDA:33,5,0,1
BRDA:33,5,1,4
BRDA:36,6,0,0
BRDA:36,6,1,4
BRDA:60,7,0,0
BRDA:60,7,1,4
BRDA:65,8,0,4
BRDA:65,8,1,0
BRDA:71,9,0,3
BRDA:71,9,1,1
BRDA:97,10,0,1
BRDA:97,10,1,1
BRDA:101,11,0,1
BRDA:101,11,1,1
BRDA:110,12,0,1
BRDA:110,12,1,1
BRDA:114,13,0,1
BRDA:114,13,1,1
BRDA:138,14,0,1
BRDA:138,14,1,1
BRDA:144,15,0,1
BRDA:144,15,1,1
BRDA:157,16,0,1
BRDA:157,16,1,1
BRDA:161,17,0,1
BRDA:161,17,1,1
BRDA:171,18,0,1
BRDA:171,18,1,1
BRDA:175,19,0,1
BRDA:175,19,1,1
BRDA:192,20,0,0
BRDA:192,20,1,5
BRDA:210,21,0,5
BRDA:210,21,1,0
BRDA:229,22,0,2
BRDA:229,22,1,2
BRDA:234,23,0,0
BRDA:234,23,1,2
BRDA:234,24,0,2
BRDA:234,24,1,2
BRDA:257,25,0,0
BRDA:257,25,1,2
BRDA:269,26,0,0
BRDA:269,26,1,2
BRDA:271,27,0,0
BRDA:271,27,1,0
BRDA:271,28,0,0
BRDA:271,28,1,0
BRDA:277,29,0,2
BRDA:277,29,1,2
BRDA:278,30,0,2
BRDA:278,30,1,0
BRDA:288,31,0,2
BRDA:288,31,1,1
BRF:61
BRH:48
end_of_record
TN:
SF:src/middlewares/checkAdminRole.js
FN:6,(anonymous_0)
FN:22,(anonymous_1)
FNF:2
FNH:2
FNDA:5,(anonymous_0)
FNDA:10,(anonymous_1)
DA:1,1
DA:6,1
DA:7,5
DA:10,5
DA:11,2
DA:15,3
DA:16,1
DA:19,2
DA:22,1
DA:23,10
DA:25,10
DA:27,4
DA:28,1
DA:31,1
DA:35,3
DA:38,3
DA:39,2
DA:42,2
DA:46,1
DA:51,1
DA:60,6
DA:61,1
DA:70,5
DA:72,4
DA:73,1
DA:74,1
DA:83,3
DA:84,3
DA:85,3
DA:88,3
DA:89,1
DA:90,1
DA:94,2
DA:97,2
DA:98,1
DA:99,1
DA:103,1
DA:108,1
DA:115,1
DA:120,1
DA:129,1
LF:41
LH:41
BRDA:7,0,0,0
BRDA:7,0,1,5
BRDA:7,1,0,5
BRDA:7,1,1,5
BRDA:10,2,0,2
BRDA:10,2,1,3
BRDA:10,3,0,5
BRDA:10,3,1,4
BRDA:15,4,0,1
BRDA:15,4,1,2
BRDA:15,5,0,3
BRDA:15,5,1,2
BRDA:25,6,0,4
BRDA:25,6,1,6
BRDA:27,7,0,1
BRDA:27,7,1,3
BRDA:29,8,0,1
BRDA:29,8,1,0
BRDA:38,9,0,2
BRDA:38,9,1,1
BRDA:40,10,0,2
BRDA:40,10,1,0
BRDA:47,11,0,1
BRDA:47,11,1,0
BRDA:60,12,0,1
BRDA:60,12,1,5
BRDA:72,13,0,1
BRDA:72,13,1,3
BRDA:88,14,0,1
BRDA:88,14,1,2
BRDA:89,15,0,1
BRDA:89,15,1,0
BRDA:97,16,0,1
BRDA:97,16,1,1
BRDA:98,17,0,1
BRDA:98,17,1,0
BRDA:104,18,0,1
BRDA:104,18,1,0
BRF:38
BRH:31
end_of_record
TN:
SF:src/middlewares/checkDuplicateUser.js
FN:8,(anonymous_0)
FNF:1
FNH:1
FNDA:10,(anonymous_0)
DA:1,1
DA:8,1
DA:9,10
DA:10,10
DA:13,10
DA:14,2
DA:18,8
DA:20,8
DA:25,5
DA:26,3
DA:27,2
DA:29,1
DA:30,1
DA:31,1
DA:35,5
DA:36,1
DA:42,4
DA:45,4
DA:49,3
DA:53,1
DA:59,3
DA:61,2
DA:62,1
DA:68,1
DA:71,1
DA:72,1
DA:79,1
LF:27
LH:27
BRDA:13,0,0,2
BRDA:13,0,1,8
BRDA:20,1,0,5
BRDA:20,1,1,3
BRDA:25,2,0,3
BRDA:25,2,1,2
BRDA:27,3,0,1
BRDA:27,3,1,1
BRDA:30,4,0,1
BRDA:30,4,1,0
BRDA:35,5,0,1
BRDA:35,5,1,4
BRDA:45,6,0,3
BRDA:45,6,1,1
BRDA:46,7,0,4
BRDA:46,7,1,3
BRDA:61,8,0,1
BRDA:61,8,1,1
BRDA:74,9,0,1
BRDA:74,9,1,0
BRF:20
BRH:18
end_of_record
TN:
SF:src/middlewares/checkUser.js
FN:10,(anonymous_0)
FN:124,(anonymous_1)
FNF:2
FNH:2
FNDA:6,(anonymous_0)
FNDA:5,(anonymous_1)
DA:1,1
DA:2,1
DA:3,1
DA:4,1
DA:10,1
DA:11,6
DA:12,6
DA:13,6
DA:16,6
DA:17,6
DA:18,1
DA:24,1
DA:25,1
DA:26,1
DA:27,1
DA:31,5
DA:34,5
DA:40,5
DA:43,4
DA:44,1
DA:48,1
DA:57,3
DA:58,1
DA:63,1
DA:73,2
DA:74,1
DA:79,1
DA:89,1
DA:91,1
DA:99,1
DA:100,1
DA:101,1
DA:103,1
DA:105,1
DA:110,1
DA:124,1
DA:125,5
DA:126,5
DA:127,5
DA:129,5
DA:130,1
DA:135,1
DA:136,1
DA:137,1
DA:138,1
DA:142,4
DA:147,4
DA:149,3
DA:150,2
DA:157,2
DA:158,2
DA:159,2
DA:161,1
DA:168,1
DA:169,1
DA:170,1
DA:173,3
DA:175,1
DA:181,1
DA:191,1
LF:60
LH:60
BRDA:13,0,0,6
BRDA:13,0,1,0
BRDA:17,1,0,1
BRDA:17,1,1,5
BRDA:17,2,0,6
BRDA:17,2,1,5
BRDA:43,3,0,1
BRDA:43,3,1,3
BRDA:57,4,0,1
BRDA:57,4,1,2
BRDA:73,5,0,1
BRDA:73,5,1,1
BRDA:73,6,0,2
BRDA:73,6,1,2
BRDA:94,7,0,1
BRDA:94,7,1,0
BRDA:126,8,0,5
BRDA:126,8,1,0
BRDA:129,9,0,1
BRDA:129,9,1,4
BRDA:149,10,0,2
BRDA:149,10,1,1
BRDA:154,11,0,2
BRDA:154,11,1,1
BRDA:158,12,0,2
BRDA:158,12,1,1
BRDA:178,13,0,1
BRDA:178,13,1,0
BRF:28
BRH:24
end_of_record
TN:
SF:src/middlewares/errorHandler.js
FN:8,(anonymous_0)
FN:37,(anonymous_1)
FN:64,(anonymous_2)
FN:75,(anonymous_3)
FNF:4
FNH:4
FNDA:7,(anonymous_0)
FNDA:2,(anonymous_1)
FNDA:2,(anonymous_2)
FNDA:1,(anonymous_3)
DA:1,1
DA:2,1
DA:8,1
DA:9,7
DA:10,7
DA:11,7
DA:14,7
DA:15,6
DA:22,1
DA:23,1
DA:33,7
DA:35,7
DA:37,2
DA:42,6
DA:44,1
DA:49,5
DA:51,4
DA:57,7
DA:65,2
DA:66,2
DA:67,2
DA:68,2
DA:75,1
DA:76,1
DA:82,1
DA:91,1
LF:26
LH:26
BRDA:9,0,0,7
BRDA:9,0,1,5
BRDA:10,1,0,7
BRDA:10,1,1,5
BRDA:11,2,0,7
BRDA:11,2,1,1
BRDA:14,3,0,6
BRDA:14,3,1,1
BRDA:22,4,0,1
BRDA:22,4,1,0
BRDA:28,5,0,1
BRDA:28,5,1,0
BRDA:28,5,2,0
BRDA:35,6,0,1
BRDA:35,6,1,6
BRDA:42,7,0,1
BRDA:42,7,1,5
BRDA:42,8,0,6
BRDA:42,8,1,1
BRDA:49,9,0,4
BRDA:49,9,1,1
BRDA:64,10,0,1
BRF:22
BRH:19
end_of_record
TN:
SF:src/middlewares/requestLogger.js
FN:19,(anonymous_0)
FN:39,(anonymous_1)
FN:51,(anonymous_2)
FNF:3
FNH:3
FNDA:9,(anonymous_0)
FNDA:4,(anonymous_1)
FNDA:6,(anonymous_2)
DA:1,1
DA:2,1
DA:3,1
DA:6,1
DA:19,1
DA:21,9
DA:24,9
DA:27,9
DA:35,9
DA:36,1
DA:39,1
DA:40,4
DA:43,1
DA:50,9
DA:51,9
DA:52,6
DA:53,6
DA:56,6
DA:65,6
DA:66,5
DA:67,5
DA:68,1
DA:75,4
DA:82,6
DA:85,9
DA:88,1
LF:26
LH:26
BRDA:35,0,0,1
BRDA:35,0,1,8
BRDA:35,1,0,9
BRDA:35,1,1,9
BRDA:40,2,0,4
BRDA:40,2,1,0
BRDA:53,3,0,6
BRDA:53,3,1,5
BRDA:53,3,2,4
BRDA:65,4,0,5
BRDA:65,4,1,1
BRDA:65,5,0,6
BRDA:65,5,1,5
BRDA:67,6,0,0
BRDA:67,6,1,5
BRDA:70,7,0,1
BRDA:70,7,1,0
BRDA:77,8,0,4
BRDA:77,8,1,0
BRF:19
BRH:15
end_of_record
TN:
SF:src/middlewares/validate.js
FN:7,(anonymous_0)
FN:7,(anonymous_1)
FN:8,(anonymous_2)
FNF:3
FNH:3
FNDA:8,(anonymous_0)
FNDA:8,(anonymous_1)
FNDA:25,(anonymous_2)
DA:1,1
DA:7,8
DA:8,8
DA:9,25
DA:12,8
DA:13,5
DA:19,3
DA:23,1
LF:8
LH:8
BRDA:9,0,0,25
BRDA:9,0,1,18
BRDA:9,0,2,17
BRDA:12,1,0,5
BRDA:12,1,1,3
BRF:5
BRH:5
end_of_record
TN:
SF:src/middlewares/validateItemCategory.js
FN:4,(anonymous_0)
FN:35,(anonymous_1)
FNF:2
FNH:2
FNDA:7,(anonymous_0)
FNDA:3,(anonymous_1)
DA:1,1
DA:2,1
DA:4,1
DA:5,7
DA:6,7
DA:8,7
DA:9,1
DA:14,6
DA:17,6
DA:19,6
DA:21,2
DA:25,6
DA:26,5
DA:29,5
DA:30,2
DA:33,2
DA:34,2
DA:35,3
DA:38,2
DA:46,3
DA:47,3
DA:49,1
DA:50,1
DA:57,1
LF:24
LH:24
BRDA:8,0,0,1
BRDA:8,0,1,6
BRDA:19,1,0,2
BRDA:19,1,1,4
BRDA:25,2,0,5
BRDA:25,2,1,1
BRDA:29,3,0,2
BRDA:29,3,1,3
BRDA:40,4,0,2
BRDA:40,4,1,1
BRF:10
BRH:10
end_of_record
TN:
SF:src/middlewares/validateOrderStatus.js
FN:3,(anonymous_0)
FNF:1
FNH:1
FNDA:9,(anonymous_0)
DA:1,1
DA:3,1
DA:5,9
DA:6,1
DA:10,8
DA:11,3
DA:12,3
DA:15,5
DA:18,1
LF:9
LH:9
BRDA:5,0,0,1
BRDA:5,0,1,8
BRDA:10,1,0,3
BRDA:10,1,1,5
BRF:4
BRH:4
end_of_record
TN:
SF:src/middlewares/validateToppings.js
FN:3,(anonymous_0)
FN:21,(anonymous_1)
FN:24,(anonymous_2)
FN:25,(anonymous_3)
FN:32,(anonymous_4)
FNF:5
FNH:5
FNDA:6,(anonymous_0)
FNDA:5,(anonymous_1)
FNDA:5,(anonymous_2)
FNDA:7,(anonymous_3)
FNDA:4,(anonymous_4)
DA:1,1
DA:3,1
DA:4,6
DA:5,6
DA:8,6
DA:9,1
DA:13,5
DA:14,1
DA:18,4
DA:21,5
DA:24,5
DA:25,7
DA:27,3
DA:28,2
DA:31,2
DA:32,4
DA:34,2
DA:40,1
DA:42,1
DA:43,1
DA:47,1
LF:21
LH:21
BRDA:8,0,0,1
BRDA:8,0,1,5
BRDA:13,1,0,1
BRDA:13,1,1,4
BRDA:27,2,0,2
BRDA:27,2,1,1
BRDA:36,3,0,2
BRDA:36,3,1,0
BRF:8
BRH:7
end_of_record
TN:
SF:src/models/MenuItemModel.js
FNF:0
FNH:0
DA:1,1
DA:4,1
DA:16,1
DA:18,1
LF:4
LH:4
BRF:0
BRH:0
end_of_record
TN:
SF:src/utils/database.js
FN:6,dbConnect
FN:18,dbDisconnect
FN:28,dbDrop
FNF:3
FNH:3
FNDA:3,dbConnect
FNDA:2,dbDisconnect
FNDA:2,dbDrop
DA:1,2
DA:2,2
DA:3,2
DA:7,3
DA:8,3
DA:9,3
DA:10,2
DA:13,1
DA:14,1
DA:19,2
DA:20,2
DA:21,1
DA:23,1
DA:24,1
DA:29,2
DA:30,2
DA:31,1
DA:33,1
DA:34,1
DA:38,2
LF:20
LH:20
BRDA:7,0,0,3
BRDA:7,0,1,2
BRF:2
BRH:2
end_of_record
TN:
SF:src/utils/errorHandler.js
FN:8,(anonymous_0)
FN:23,(anonymous_1)
FN:41,(anonymous_2)
FN:41,(anonymous_3)
FNF:4
FNH:4
FNDA:23,(anonymous_0)
FNDA:6,(anonymous_1)
FNDA:4,(anonymous_2)
FNDA:4,(anonymous_3)
DA:1,2
DA:2,2
DA:9,23
DA:10,23
DA:11,23
DA:12,23
DA:13,1
DA:15,22
DA:23,2
DA:24,6
DA:27,6
DA:30,6
DA:41,4
DA:42,4
DA:45,2
LF:15
LH:15
BRDA:8,0,0,21
BRDA:8,1,0,22
BRDA:12,2,0,1
BRDA:12,2,1,22
BRDA:24,3,0,6
BRDA:24,3,1,5
BRDA:32,4,0,6
BRDA:32,4,1,1
BRDA:34,5,0,6
BRDA:34,5,1,1
BRF:10
BRH:10
end_of_record
TN:
SF:src/utils/logger.js
FN:14,(anonymous_0)
FN:23,(anonymous_1)
FN:35,(anonymous_2)
FN:48,(anonymous_3)
FN:68,(anonymous_4)
FN:80,(anonymous_5)
FN:104,(anonymous_6)
FN:146,(anonymous_7)
FN:152,(anonymous_8)
FNF:9
FNH:9
FNDA:1,(anonymous_0)
FNDA:2,(anonymous_1)
FNDA:2,(anonymous_2)
FNDA:5,(anonymous_3)
FNDA:2,(anonymous_4)
FNDA:4,(anonymous_5)
FNDA:10,(anonymous_6)
FNDA:15,(anonymous_7)
FNDA:14,(anonymous_8)
DA:1,6
DA:8,6
DA:15,1
DA:24,2
DA:25,2
DA:36,2
DA:37,2
DA:49,5
DA:51,5
DA:53,5
DA:54,3
DA:55,3
DA:56,1
DA:60,5
DA:69,2
DA:70,2
DA:81,4
DA:83,3
DA:85,3
DA:86,2
DA:87,2
DA:89,1
DA:93,3
DA:106,10
DA:117,10
DA:124,10
DA:125,1
DA:129,10
DA:131,3
DA:136,3
DA:139,10
DA:147,15
DA:149,7
DA:150,7
DA:153,14
DA:159,6
DA:161,1
DA:166,6
LF:38
LH:38
BRDA:8,0,0,6
BRDA:8,0,1,6
BRDA:23,1,0,1
BRDA:35,2,0,1
BRDA:48,3,0,1
BRDA:48,4,0,4
BRDA:53,5,0,3
BRDA:53,5,1,2
BRDA:55,6,0,1
BRDA:55,6,1,2
BRDA:55,7,0,3
BRDA:55,7,1,3
BRDA:68,8,0,1
BRDA:80,9,0,2
BRDA:81,10,0,1
BRDA:81,10,1,3
BRDA:85,11,0,2
BRDA:85,11,1,1
BRDA:104,12,0,6
BRDA:104,13,0,7
BRDA:106,14,0,1
BRDA:106,14,1,9
BRDA:108,15,0,2
BRDA:108,15,1,7
BRDA:110,16,0,1
BRDA:110,16,1,6
BRDA:112,17,0,6
BRDA:112,17,1,0
BRDA:124,18,0,1
BRDA:124,18,1,9
BRDA:129,19,0,3
BRDA:129,19,1,7
BRDA:131,20,0,1
BRDA:131,20,1,2
BRDA:133,21,0,1
BRDA:133,21,1,1
BRDA:147,22,0,8
BRDA:147,22,1,7
BRDA:147,23,0,15
BRDA:147,23,1,15
BRDA:154,24,0,3
BRDA:154,24,1,11
BRF:42
BRH:41
end_of_record
TN:
SF:src/utils/responseHandler.js
FN:11,(anonymous_0)
FN:41,(anonymous_1)
FN:86,(anonymous_2)
FNF:3
FNH:3
FNDA:3,(anonymous_0)
FNDA:7,(anonymous_1)
FNDA:3,(anonymous_2)
DA:1,1
DA:11,1
DA:17,3
DA:24,3
DA:29,3
DA:41,1
DA:49,7
DA:56,7
DA:57,4
DA:61,7
DA:62,6
DA:66,7
DA:67,1
DA:71,7
DA:77,7
DA:86,1
DA:87,3
DA:88,3
DA:92,3
DA:96,3
DA:99,1
LF:21
LH:21
BRDA:13,0,0,1
BRDA:14,1,0,1
BRDA:15,2,0,2
BRDA:43,3,0,1
BRDA:44,4,0,1
BRDA:45,5,0,1
BRDA:46,6,0,3
BRDA:56,7,0,4
BRDA:56,7,1,3
BRDA:61,8,0,6
BRDA:61,8,1,1
BRDA:66,9,0,1
BRDA:66,9,1,6
BRDA:66,10,0,7
BRDA:66,10,1,1
BRDA:66,10,2,1
BRDA:88,11,0,2
BRDA:88,11,1,1
BRF:18
BRH:18
end_of_record
